info: ::1 - - [31/Jan/2024:17:05:35 +0000] "GET / HTTP/1.1" 404 47 "-" "Mozilla/5.0 (Windows NT 10.0; Win64; x64) AppleWebKit/537.36 (KHTML, like Gecko) Chrome/120.0.0.0 Safari/537.36"

info: ::1 - - [31/Jan/2024:17:05:35 +0000] "GET /images/icons/gear.png HTTP/1.1" 404 47 "-" "Mozilla/5.0 (Windows NT 10.0; Win64; x64) AppleWebKit/537.36 (KHTML, like Gecko) Chrome/120.0.0.0 Safari/537.36"

info: ::1 - - [31/Jan/2024:17:05:57 +0000] "GET /events HTTP/1.1" 404 47 "-" "Mozilla/5.0 (Windows NT 10.0; Win64; x64) AppleWebKit/537.36 (KHTML, like Gecko) Chrome/120.0.0.0 Safari/537.36"

info: ::1 - - [31/Jan/2024:17:05:57 +0000] "GET /images/icons/gear.png HTTP/1.1" 404 47 "-" "Mozilla/5.0 (Windows NT 10.0; Win64; x64) AppleWebKit/537.36 (KHTML, like Gecko) Chrome/120.0.0.0 Safari/537.36"

info: ::1 - - [31/Jan/2024:17:06:10 +0000] "GET /api/v1/events HTTP/1.1" 200 2 "-" "Mozilla/5.0 (Windows NT 10.0; Win64; x64) AppleWebKit/537.36 (KHTML, like Gecko) Chrome/120.0.0.0 Safari/537.36"

info: ::1 - - [31/Jan/2024:17:06:10 +0000] "GET /images/icons/gear.png HTTP/1.1" 404 47 "-" "Mozilla/5.0 (Windows NT 10.0; Win64; x64) AppleWebKit/537.36 (KHTML, like Gecko) Chrome/120.0.0.0 Safari/537.36"

info: ::1 - - [31/Jan/2024:17:07:28 +0000] "GET /api/v1/events HTTP/1.1" 200 2 "-" "PostmanRuntime/7.36.1"

info: ::1 - - [31/Jan/2024:17:08:01 +0000] "GET /api/v1/events HTTP/1.1" 200 2 "-" "PostmanRuntime/7.36.1"

info: ::1 - - [31/Jan/2024:17:08:07 +0000] "POST /api/v1/events HTTP/1.1" 201 128 "-" "PostmanRuntime/7.36.1"

info: ::1 - - [31/Jan/2024:17:08:11 +0000] "GET /api/v1/events HTTP/1.1" 200 130 "-" "PostmanRuntime/7.36.1"

info: ::1 - - [31/Jan/2024:17:13:36 +0000] "PUT /api/v1/events HTTP/1.1" 404 47 "-" "PostmanRuntime/7.36.1"

info: ::1 - - [31/Jan/2024:17:13:46 +0000] "POST /api/v1/events HTTP/1.1" 500 33 "-" "PostmanRuntime/7.36.1"

info: ::1 - - [31/Jan/2024:17:14:09 +0000] "POST /api/v1/events HTTP/1.1" 500 33 "-" "PostmanRuntime/7.36.1"

info: ::1 - - [31/Jan/2024:17:14:31 +0000] "POST /api/v1/events HTTP/1.1" 500 33 "-" "PostmanRuntime/7.36.1"

info: ::1 - - [31/Jan/2024:17:16:33 +0000] "POST /api/v1/events HTTP/1.1" 500 33 "-" "PostmanRuntime/7.36.1"

info: ::1 - - [31/Jan/2024:17:16:50 +0000] "POST /api/v1/events HTTP/1.1" 500 33 "-" "PostmanRuntime/7.36.1"

info: ::1 - - [31/Jan/2024:18:16:14 +0000] "POST /api/v1/events HTTP/1.1" 500 33 "-" "PostmanRuntime/7.36.1"

info: ::1 - - [31/Jan/2024:18:17:20 +0000] "POST /api/v1/events HTTP/1.1" 201 157 "-" "PostmanRuntime/7.36.1"

info: ::1 - - [02/Feb/2024:19:35:53 +0000] "POST /api/v1/events HTTP/1.1" 500 55 "-" "PostmanRuntime/7.36.1"

info: ::1 - - [02/Feb/2024:19:41:35 +0000] "POST /api/v1/events HTTP/1.1" 500 55 "-" "PostmanRuntime/7.36.1"

info: ::1 - - [02/Feb/2024:19:46:52 +0000] "POST /api/v1/events HTTP/1.1" 201 158 "-" "PostmanRuntime/7.36.1"

