info: Server started at http://localhost:3000/api/v1/ {"timestamp":"2024-02-03T06:31:29.542Z"}
info: Connected to the database. {"timestamp":"2024-02-03T06:31:29.576Z"}
info: Server started at http://localhost:3000/api/v1/ {"timestamp":"2024-02-03T06:42:31.403Z"}
info: Connected to the database. {"timestamp":"2024-02-03T06:42:31.460Z"}
info: Server started at http://localhost:3000/api/v1/ {"timestamp":"2024-02-03T06:43:59.439Z"}
info: Connected to the database. {"timestamp":"2024-02-03T06:43:59.467Z"}
info: Server started at http://localhost:3000/api/v1/ {"timestamp":"2024-02-03T06:44:05.820Z"}
info: Connected to the database. {"timestamp":"2024-02-03T06:44:05.853Z"}
info: Server started at http://localhost:3000/api/v1/ {"timestamp":"2024-02-03T06:45:59.472Z"}
info: Connected to the database. {"timestamp":"2024-02-03T06:45:59.505Z"}
info: Server started at http://localhost:3000/api/v1/ {"timestamp":"2024-02-03T06:49:11.375Z"}
info: Connected to the database. {"timestamp":"2024-02-03T06:49:11.417Z"}
info: Server started at http://localhost:3000/api/v1/ {"timestamp":"2024-02-04T18:08:21.616Z"}
info: Connected to the database. {"timestamp":"2024-02-04T18:08:21.724Z"}
info: Server started at http://localhost:3000/api/v1/ {"timestamp":"2024-02-04T18:42:26.412Z"}
info: Connected to the database. {"timestamp":"2024-02-04T18:42:26.459Z"}
info: Server started at http://localhost:3000/api/v1/ {"timestamp":"2024-02-04T18:44:36.053Z"}
info: Connected to the database. {"timestamp":"2024-02-04T18:44:36.110Z"}
info: Server started at http://localhost:3000/api/v1/ {"timestamp":"2024-02-05T15:19:01.193Z"}
info: Connected to the database. {"timestamp":"2024-02-05T15:19:01.791Z"}
info: Server started at http://localhost:3000/api/v1/ {"timestamp":"2024-02-05T15:21:51.712Z"}
info: Connected to the database. {"timestamp":"2024-02-05T15:21:51.763Z"}
info: Server started at http://localhost:3000/api/v1/ {"timestamp":"2024-02-05T15:24:20.107Z"}
info: Connected to the database. {"timestamp":"2024-02-05T15:24:20.142Z"}
error: uncaughtException: user_controller_1.default is not a constructor
TypeError: user_controller_1.default is not a constructor
    at new UserRoutes (D:\Gymnaziem\Server\src\routes\user.route.ts:7:28)
    at routes (D:\Gymnaziem\Server\src\routes\index.ts:13:24)
    at App.initializeRoutes (D:\Gymnaziem\Server\src\index.ts:54:52)
    at new App (D:\Gymnaziem\Server\src\index.ts:34:10)
    at Object.<anonymous> (D:\Gymnaziem\Server\src\index.ts:78:13)
    at Module._compile (node:internal/modules/cjs/loader:1376:14)
    at Module._compile (D:\Gymnaziem\Server\node_modules\source-map-support\source-map-support.js:568:25)
    at Module.m._compile (C:\Users\Atharva\AppData\Local\Temp\ts-node-dev-hook-15183759250041362.js:69:33)
    at Module._extensions..js (node:internal/modules/cjs/loader:1435:10)
    at require.extensions..jsx.require.extensions..js (C:\Users\Atharva\AppData\Local\Temp\ts-node-dev-hook-15183759250041362.js:114:20)
    at require.extensions.<computed> (C:\Users\Atharva\AppData\Local\Temp\ts-node-dev-hook-15183759250041362.js:71:20)
    at Object.nodeDevHook [as .ts] (D:\Gymnaziem\Server\node_modules\ts-node-dev\lib\hook.js:63:13)
    at Module.load (node:internal/modules/cjs/loader:1207:32)
    at Function.Module._load (node:internal/modules/cjs/loader:1023:12)
    at Module.require (node:internal/modules/cjs/loader:1235:19)
    at require (node:internal/modules/helpers:176:18) {"date":"Mon Feb 05 2024 20:56:52 GMT+0530 (India Standard Time)","error":{},"exception":true,"os":{"loadavg":[0,0,0],"uptime":888231.625},"process":{"argv":["C:\\Program Files\\nodejs\\node.exe","./src/index.ts"],"cwd":"D:\\Gymnaziem\\Server","execPath":"C:\\Program Files\\nodejs\\node.exe","gid":null,"memoryUsage":{"arrayBuffers":18365000,"external":20694412,"heapTotal":38932480,"heapUsed":28216160,"rss":72519680},"pid":72348,"uid":null,"version":"v20.11.0"},"stack":"TypeError: user_controller_1.default is not a constructor\n    at new UserRoutes (D:\\Gymnaziem\\Server\\src\\routes\\user.route.ts:7:28)\n    at routes (D:\\Gymnaziem\\Server\\src\\routes\\index.ts:13:24)\n    at App.initializeRoutes (D:\\Gymnaziem\\Server\\src\\index.ts:54:52)\n    at new App (D:\\Gymnaziem\\Server\\src\\index.ts:34:10)\n    at Object.<anonymous> (D:\\Gymnaziem\\Server\\src\\index.ts:78:13)\n    at Module._compile (node:internal/modules/cjs/loader:1376:14)\n    at Module._compile (D:\\Gymnaziem\\Server\\node_modules\\source-map-support\\source-map-support.js:568:25)\n    at Module.m._compile (C:\\Users\\Atharva\\AppData\\Local\\Temp\\ts-node-dev-hook-15183759250041362.js:69:33)\n    at Module._extensions..js (node:internal/modules/cjs/loader:1435:10)\n    at require.extensions..jsx.require.extensions..js (C:\\Users\\Atharva\\AppData\\Local\\Temp\\ts-node-dev-hook-15183759250041362.js:114:20)\n    at require.extensions.<computed> (C:\\Users\\Atharva\\AppData\\Local\\Temp\\ts-node-dev-hook-15183759250041362.js:71:20)\n    at Object.nodeDevHook [as .ts] (D:\\Gymnaziem\\Server\\node_modules\\ts-node-dev\\lib\\hook.js:63:13)\n    at Module.load (node:internal/modules/cjs/loader:1207:32)\n    at Function.Module._load (node:internal/modules/cjs/loader:1023:12)\n    at Module.require (node:internal/modules/cjs/loader:1235:19)\n    at require (node:internal/modules/helpers:176:18)","timestamp":"2024-02-05T15:26:52.834Z","trace":[{"column":28,"file":"D:\\Gymnaziem\\Server\\src\\routes\\user.route.ts","function":"new UserRoutes","line":7,"method":null,"native":false},{"column":24,"file":"D:\\Gymnaziem\\Server\\src\\routes\\index.ts","function":"routes","line":13,"method":null,"native":false},{"column":52,"file":"D:\\Gymnaziem\\Server\\src\\index.ts","function":"App.initializeRoutes","line":54,"method":"initializeRoutes","native":false},{"column":10,"file":"D:\\Gymnaziem\\Server\\src\\index.ts","function":"new App","line":34,"method":null,"native":false},{"column":13,"file":"D:\\Gymnaziem\\Server\\src\\index.ts","function":null,"line":78,"method":null,"native":false},{"column":14,"file":"node:internal/modules/cjs/loader","function":"Module._compile","line":1376,"method":"_compile","native":false},{"column":25,"file":"D:\\Gymnaziem\\Server\\node_modules\\source-map-support\\source-map-support.js","function":"Module._compile","line":568,"method":"_compile","native":false},{"column":33,"file":"C:\\Users\\Atharva\\AppData\\Local\\Temp\\ts-node-dev-hook-15183759250041362.js","function":"Module.m._compile","line":69,"method":"_compile","native":false},{"column":10,"file":"node:internal/modules/cjs/loader","function":"Module._extensions..js","line":1435,"method":".js","native":false},{"column":20,"file":"C:\\Users\\Atharva\\AppData\\Local\\Temp\\ts-node-dev-hook-15183759250041362.js","function":"require.extensions..jsx.require.extensions..js","line":114,"method":".js","native":false},{"column":20,"file":"C:\\Users\\Atharva\\AppData\\Local\\Temp\\ts-node-dev-hook-15183759250041362.js","function":"require.extensions.<computed>","line":71,"method":"<computed>","native":false},{"column":13,"file":"D:\\Gymnaziem\\Server\\node_modules\\ts-node-dev\\lib\\hook.js","function":"Object.nodeDevHook [as .ts]","line":63,"method":"ts]","native":false},{"column":32,"file":"node:internal/modules/cjs/loader","function":"Module.load","line":1207,"method":"load","native":false},{"column":12,"file":"node:internal/modules/cjs/loader","function":"Module._load","line":1023,"method":"_load","native":false},{"column":19,"file":"node:internal/modules/cjs/loader","function":"Module.require","line":1235,"method":"require","native":false},{"column":18,"file":"node:internal/modules/helpers","function":"require","line":176,"method":null,"native":false}]}
info: Server started at http://localhost:3000/api/v1/ {"timestamp":"2024-02-05T15:27:07.298Z"}
info: Connected to the database. {"timestamp":"2024-02-05T15:27:07.337Z"}
error: uncaughtException: user_service_1.default is not a constructor
TypeError: user_service_1.default is not a constructor
    at new UserController (D:\Gymnaziem\Server\src\controllers\user.controller.ts:8:24)
    at new UserRoutes (D:\Gymnaziem\Server\src\routes\user.route.ts:7:28)
    at routes (D:\Gymnaziem\Server\src\routes\index.ts:13:24)
    at App.initializeRoutes (D:\Gymnaziem\Server\src\index.ts:54:52)
    at new App (D:\Gymnaziem\Server\src\index.ts:34:10)
    at Object.<anonymous> (D:\Gymnaziem\Server\src\index.ts:78:13)
    at Module._compile (node:internal/modules/cjs/loader:1376:14)
    at Module._compile (D:\Gymnaziem\Server\node_modules\source-map-support\source-map-support.js:568:25)
    at Module.m._compile (C:\Users\Atharva\AppData\Local\Temp\ts-node-dev-hook-15183759250041362.js:69:33)
    at Module._extensions..js (node:internal/modules/cjs/loader:1435:10)
    at require.extensions..jsx.require.extensions..js (C:\Users\Atharva\AppData\Local\Temp\ts-node-dev-hook-15183759250041362.js:114:20)
    at require.extensions.<computed> (C:\Users\Atharva\AppData\Local\Temp\ts-node-dev-hook-15183759250041362.js:71:20)
    at Object.nodeDevHook [as .ts] (D:\Gymnaziem\Server\node_modules\ts-node-dev\lib\hook.js:63:13)
    at Module.load (node:internal/modules/cjs/loader:1207:32)
    at Function.Module._load (node:internal/modules/cjs/loader:1023:12)
    at Module.require (node:internal/modules/cjs/loader:1235:19) {"date":"Mon Feb 05 2024 20:57:35 GMT+0530 (India Standard Time)","error":{},"exception":true,"os":{"loadavg":[0,0,0],"uptime":888273.953},"process":{"argv":["C:\\Program Files\\nodejs\\node.exe","./src/index.ts"],"cwd":"D:\\Gymnaziem\\Server","execPath":"C:\\Program Files\\nodejs\\node.exe","gid":null,"memoryUsage":{"arrayBuffers":18370632,"external":20700047,"heapTotal":39194624,"heapUsed":28374056,"rss":72290304},"pid":7440,"uid":null,"version":"v20.11.0"},"stack":"TypeError: user_service_1.default is not a constructor\n    at new UserController (D:\\Gymnaziem\\Server\\src\\controllers\\user.controller.ts:8:24)\n    at new UserRoutes (D:\\Gymnaziem\\Server\\src\\routes\\user.route.ts:7:28)\n    at routes (D:\\Gymnaziem\\Server\\src\\routes\\index.ts:13:24)\n    at App.initializeRoutes (D:\\Gymnaziem\\Server\\src\\index.ts:54:52)\n    at new App (D:\\Gymnaziem\\Server\\src\\index.ts:34:10)\n    at Object.<anonymous> (D:\\Gymnaziem\\Server\\src\\index.ts:78:13)\n    at Module._compile (node:internal/modules/cjs/loader:1376:14)\n    at Module._compile (D:\\Gymnaziem\\Server\\node_modules\\source-map-support\\source-map-support.js:568:25)\n    at Module.m._compile (C:\\Users\\Atharva\\AppData\\Local\\Temp\\ts-node-dev-hook-15183759250041362.js:69:33)\n    at Module._extensions..js (node:internal/modules/cjs/loader:1435:10)\n    at require.extensions..jsx.require.extensions..js (C:\\Users\\Atharva\\AppData\\Local\\Temp\\ts-node-dev-hook-15183759250041362.js:114:20)\n    at require.extensions.<computed> (C:\\Users\\Atharva\\AppData\\Local\\Temp\\ts-node-dev-hook-15183759250041362.js:71:20)\n    at Object.nodeDevHook [as .ts] (D:\\Gymnaziem\\Server\\node_modules\\ts-node-dev\\lib\\hook.js:63:13)\n    at Module.load (node:internal/modules/cjs/loader:1207:32)\n    at Function.Module._load (node:internal/modules/cjs/loader:1023:12)\n    at Module.require (node:internal/modules/cjs/loader:1235:19)","timestamp":"2024-02-05T15:27:35.174Z","trace":[{"column":24,"file":"D:\\Gymnaziem\\Server\\src\\controllers\\user.controller.ts","function":"new UserController","line":8,"method":null,"native":false},{"column":28,"file":"D:\\Gymnaziem\\Server\\src\\routes\\user.route.ts","function":"new UserRoutes","line":7,"method":null,"native":false},{"column":24,"file":"D:\\Gymnaziem\\Server\\src\\routes\\index.ts","function":"routes","line":13,"method":null,"native":false},{"column":52,"file":"D:\\Gymnaziem\\Server\\src\\index.ts","function":"App.initializeRoutes","line":54,"method":"initializeRoutes","native":false},{"column":10,"file":"D:\\Gymnaziem\\Server\\src\\index.ts","function":"new App","line":34,"method":null,"native":false},{"column":13,"file":"D:\\Gymnaziem\\Server\\src\\index.ts","function":null,"line":78,"method":null,"native":false},{"column":14,"file":"node:internal/modules/cjs/loader","function":"Module._compile","line":1376,"method":"_compile","native":false},{"column":25,"file":"D:\\Gymnaziem\\Server\\node_modules\\source-map-support\\source-map-support.js","function":"Module._compile","line":568,"method":"_compile","native":false},{"column":33,"file":"C:\\Users\\Atharva\\AppData\\Local\\Temp\\ts-node-dev-hook-15183759250041362.js","function":"Module.m._compile","line":69,"method":"_compile","native":false},{"column":10,"file":"node:internal/modules/cjs/loader","function":"Module._extensions..js","line":1435,"method":".js","native":false},{"column":20,"file":"C:\\Users\\Atharva\\AppData\\Local\\Temp\\ts-node-dev-hook-15183759250041362.js","function":"require.extensions..jsx.require.extensions..js","line":114,"method":".js","native":false},{"column":20,"file":"C:\\Users\\Atharva\\AppData\\Local\\Temp\\ts-node-dev-hook-15183759250041362.js","function":"require.extensions.<computed>","line":71,"method":"<computed>","native":false},{"column":13,"file":"D:\\Gymnaziem\\Server\\node_modules\\ts-node-dev\\lib\\hook.js","function":"Object.nodeDevHook [as .ts]","line":63,"method":"ts]","native":false},{"column":32,"file":"node:internal/modules/cjs/loader","function":"Module.load","line":1207,"method":"load","native":false},{"column":12,"file":"node:internal/modules/cjs/loader","function":"Module._load","line":1023,"method":"_load","native":false},{"column":19,"file":"node:internal/modules/cjs/loader","function":"Module.require","line":1235,"method":"require","native":false}]}
error: uncaughtException: user_controller_1.default is not a constructor
TypeError: user_controller_1.default is not a constructor
    at new UserRoutes (D:\Gymnaziem\Server\src\routes\user.route.ts:7:28)
    at routes (D:\Gymnaziem\Server\src\routes\index.ts:13:24)
    at App.initializeRoutes (D:\Gymnaziem\Server\src\index.ts:54:52)
    at new App (D:\Gymnaziem\Server\src\index.ts:34:10)
    at Object.<anonymous> (D:\Gymnaziem\Server\src\index.ts:78:13)
    at Module._compile (node:internal/modules/cjs/loader:1376:14)
    at Module._compile (D:\Gymnaziem\Server\node_modules\source-map-support\source-map-support.js:568:25)
    at Module.m._compile (C:\Users\Atharva\AppData\Local\Temp\ts-node-dev-hook-15183759250041362.js:69:33)
    at Module._extensions..js (node:internal/modules/cjs/loader:1435:10)
    at require.extensions..jsx.require.extensions..js (C:\Users\Atharva\AppData\Local\Temp\ts-node-dev-hook-15183759250041362.js:114:20)
    at require.extensions.<computed> (C:\Users\Atharva\AppData\Local\Temp\ts-node-dev-hook-15183759250041362.js:71:20)
    at Object.nodeDevHook [as .ts] (D:\Gymnaziem\Server\node_modules\ts-node-dev\lib\hook.js:63:13)
    at Module.load (node:internal/modules/cjs/loader:1207:32)
    at Function.Module._load (node:internal/modules/cjs/loader:1023:12)
    at Module.require (node:internal/modules/cjs/loader:1235:19)
    at require (node:internal/modules/helpers:176:18) {"date":"Mon Feb 05 2024 20:57:50 GMT+0530 (India Standard Time)","error":{},"exception":true,"os":{"loadavg":[0,0,0],"uptime":888289.781},"process":{"argv":["C:\\Program Files\\nodejs\\node.exe","./src/index.ts"],"cwd":"D:\\Gymnaziem\\Server","execPath":"C:\\Program Files\\nodejs\\node.exe","gid":null,"memoryUsage":{"arrayBuffers":18365000,"external":20694412,"heapTotal":39194624,"heapUsed":28210440,"rss":72904704},"pid":62364,"uid":null,"version":"v20.11.0"},"stack":"TypeError: user_controller_1.default is not a constructor\n    at new UserRoutes (D:\\Gymnaziem\\Server\\src\\routes\\user.route.ts:7:28)\n    at routes (D:\\Gymnaziem\\Server\\src\\routes\\index.ts:13:24)\n    at App.initializeRoutes (D:\\Gymnaziem\\Server\\src\\index.ts:54:52)\n    at new App (D:\\Gymnaziem\\Server\\src\\index.ts:34:10)\n    at Object.<anonymous> (D:\\Gymnaziem\\Server\\src\\index.ts:78:13)\n    at Module._compile (node:internal/modules/cjs/loader:1376:14)\n    at Module._compile (D:\\Gymnaziem\\Server\\node_modules\\source-map-support\\source-map-support.js:568:25)\n    at Module.m._compile (C:\\Users\\Atharva\\AppData\\Local\\Temp\\ts-node-dev-hook-15183759250041362.js:69:33)\n    at Module._extensions..js (node:internal/modules/cjs/loader:1435:10)\n    at require.extensions..jsx.require.extensions..js (C:\\Users\\Atharva\\AppData\\Local\\Temp\\ts-node-dev-hook-15183759250041362.js:114:20)\n    at require.extensions.<computed> (C:\\Users\\Atharva\\AppData\\Local\\Temp\\ts-node-dev-hook-15183759250041362.js:71:20)\n    at Object.nodeDevHook [as .ts] (D:\\Gymnaziem\\Server\\node_modules\\ts-node-dev\\lib\\hook.js:63:13)\n    at Module.load (node:internal/modules/cjs/loader:1207:32)\n    at Function.Module._load (node:internal/modules/cjs/loader:1023:12)\n    at Module.require (node:internal/modules/cjs/loader:1235:19)\n    at require (node:internal/modules/helpers:176:18)","timestamp":"2024-02-05T15:27:50.991Z","trace":[{"column":28,"file":"D:\\Gymnaziem\\Server\\src\\routes\\user.route.ts","function":"new UserRoutes","line":7,"method":null,"native":false},{"column":24,"file":"D:\\Gymnaziem\\Server\\src\\routes\\index.ts","function":"routes","line":13,"method":null,"native":false},{"column":52,"file":"D:\\Gymnaziem\\Server\\src\\index.ts","function":"App.initializeRoutes","line":54,"method":"initializeRoutes","native":false},{"column":10,"file":"D:\\Gymnaziem\\Server\\src\\index.ts","function":"new App","line":34,"method":null,"native":false},{"column":13,"file":"D:\\Gymnaziem\\Server\\src\\index.ts","function":null,"line":78,"method":null,"native":false},{"column":14,"file":"node:internal/modules/cjs/loader","function":"Module._compile","line":1376,"method":"_compile","native":false},{"column":25,"file":"D:\\Gymnaziem\\Server\\node_modules\\source-map-support\\source-map-support.js","function":"Module._compile","line":568,"method":"_compile","native":false},{"column":33,"file":"C:\\Users\\Atharva\\AppData\\Local\\Temp\\ts-node-dev-hook-15183759250041362.js","function":"Module.m._compile","line":69,"method":"_compile","native":false},{"column":10,"file":"node:internal/modules/cjs/loader","function":"Module._extensions..js","line":1435,"method":".js","native":false},{"column":20,"file":"C:\\Users\\Atharva\\AppData\\Local\\Temp\\ts-node-dev-hook-15183759250041362.js","function":"require.extensions..jsx.require.extensions..js","line":114,"method":".js","native":false},{"column":20,"file":"C:\\Users\\Atharva\\AppData\\Local\\Temp\\ts-node-dev-hook-15183759250041362.js","function":"require.extensions.<computed>","line":71,"method":"<computed>","native":false},{"column":13,"file":"D:\\Gymnaziem\\Server\\node_modules\\ts-node-dev\\lib\\hook.js","function":"Object.nodeDevHook [as .ts]","line":63,"method":"ts]","native":false},{"column":32,"file":"node:internal/modules/cjs/loader","function":"Module.load","line":1207,"method":"load","native":false},{"column":12,"file":"node:internal/modules/cjs/loader","function":"Module._load","line":1023,"method":"_load","native":false},{"column":19,"file":"node:internal/modules/cjs/loader","function":"Module.require","line":1235,"method":"require","native":false},{"column":18,"file":"node:internal/modules/helpers","function":"require","line":176,"method":null,"native":false}]}
error: uncaughtException: Cannot read properties of undefined (reading 'method')
TypeError: Cannot read properties of undefined (reading 'method')
    at Function.handle (D:\Gymnaziem\Server\node_modules\express\lib\router\index.js:139:34)
    at new router (D:\Gymnaziem\Server\node_modules\express\lib\router\index.js:47:12)
    at routes (D:\Gymnaziem\Server\src\routes\index.ts:13:24)
    at App.initializeRoutes (D:\Gymnaziem\Server\src\index.ts:54:52)
    at new App (D:\Gymnaziem\Server\src\index.ts:34:10)
    at Object.<anonymous> (D:\Gymnaziem\Server\src\index.ts:78:13)
    at Module._compile (node:internal/modules/cjs/loader:1376:14)
    at Module._compile (D:\Gymnaziem\Server\node_modules\source-map-support\source-map-support.js:568:25)
    at Module.m._compile (C:\Users\Atharva\AppData\Local\Temp\ts-node-dev-hook-15183759250041362.js:69:33)
    at Module._extensions..js (node:internal/modules/cjs/loader:1435:10)
    at require.extensions..jsx.require.extensions..js (C:\Users\Atharva\AppData\Local\Temp\ts-node-dev-hook-15183759250041362.js:114:20)
    at require.extensions.<computed> (C:\Users\Atharva\AppData\Local\Temp\ts-node-dev-hook-15183759250041362.js:71:20)
    at Object.nodeDevHook [as .ts] (D:\Gymnaziem\Server\node_modules\ts-node-dev\lib\hook.js:63:13)
    at Module.load (node:internal/modules/cjs/loader:1207:32)
    at Function.Module._load (node:internal/modules/cjs/loader:1023:12)
    at Module.require (node:internal/modules/cjs/loader:1235:19) {"date":"Mon Feb 05 2024 20:58:12 GMT+0530 (India Standard Time)","error":{},"exception":true,"os":{"loadavg":[0,0,0],"uptime":888311.203},"process":{"argv":["C:\\Program Files\\nodejs\\node.exe","./src/index.ts"],"cwd":"D:\\Gymnaziem\\Server","execPath":"C:\\Program Files\\nodejs\\node.exe","gid":null,"memoryUsage":{"arrayBuffers":18356513,"external":20694412,"heapTotal":36835328,"heapUsed":26411176,"rss":69398528},"pid":69108,"uid":null,"version":"v20.11.0"},"stack":"TypeError: Cannot read properties of undefined (reading 'method')\n    at Function.handle (D:\\Gymnaziem\\Server\\node_modules\\express\\lib\\router\\index.js:139:34)\n    at new router (D:\\Gymnaziem\\Server\\node_modules\\express\\lib\\router\\index.js:47:12)\n    at routes (D:\\Gymnaziem\\Server\\src\\routes\\index.ts:13:24)\n    at App.initializeRoutes (D:\\Gymnaziem\\Server\\src\\index.ts:54:52)\n    at new App (D:\\Gymnaziem\\Server\\src\\index.ts:34:10)\n    at Object.<anonymous> (D:\\Gymnaziem\\Server\\src\\index.ts:78:13)\n    at Module._compile (node:internal/modules/cjs/loader:1376:14)\n    at Module._compile (D:\\Gymnaziem\\Server\\node_modules\\source-map-support\\source-map-support.js:568:25)\n    at Module.m._compile (C:\\Users\\Atharva\\AppData\\Local\\Temp\\ts-node-dev-hook-15183759250041362.js:69:33)\n    at Module._extensions..js (node:internal/modules/cjs/loader:1435:10)\n    at require.extensions..jsx.require.extensions..js (C:\\Users\\Atharva\\AppData\\Local\\Temp\\ts-node-dev-hook-15183759250041362.js:114:20)\n    at require.extensions.<computed> (C:\\Users\\Atharva\\AppData\\Local\\Temp\\ts-node-dev-hook-15183759250041362.js:71:20)\n    at Object.nodeDevHook [as .ts] (D:\\Gymnaziem\\Server\\node_modules\\ts-node-dev\\lib\\hook.js:63:13)\n    at Module.load (node:internal/modules/cjs/loader:1207:32)\n    at Function.Module._load (node:internal/modules/cjs/loader:1023:12)\n    at Module.require (node:internal/modules/cjs/loader:1235:19)","timestamp":"2024-02-05T15:28:12.417Z","trace":[{"column":34,"file":"D:\\Gymnaziem\\Server\\node_modules\\express\\lib\\router\\index.js","function":"Function.handle","line":139,"method":"handle","native":false},{"column":12,"file":"D:\\Gymnaziem\\Server\\node_modules\\express\\lib\\router\\index.js","function":"new router","line":47,"method":null,"native":false},{"column":24,"file":"D:\\Gymnaziem\\Server\\src\\routes\\index.ts","function":"routes","line":13,"method":null,"native":false},{"column":52,"file":"D:\\Gymnaziem\\Server\\src\\index.ts","function":"App.initializeRoutes","line":54,"method":"initializeRoutes","native":false},{"column":10,"file":"D:\\Gymnaziem\\Server\\src\\index.ts","function":"new App","line":34,"method":null,"native":false},{"column":13,"file":"D:\\Gymnaziem\\Server\\src\\index.ts","function":null,"line":78,"method":null,"native":false},{"column":14,"file":"node:internal/modules/cjs/loader","function":"Module._compile","line":1376,"method":"_compile","native":false},{"column":25,"file":"D:\\Gymnaziem\\Server\\node_modules\\source-map-support\\source-map-support.js","function":"Module._compile","line":568,"method":"_compile","native":false},{"column":33,"file":"C:\\Users\\Atharva\\AppData\\Local\\Temp\\ts-node-dev-hook-15183759250041362.js","function":"Module.m._compile","line":69,"method":"_compile","native":false},{"column":10,"file":"node:internal/modules/cjs/loader","function":"Module._extensions..js","line":1435,"method":".js","native":false},{"column":20,"file":"C:\\Users\\Atharva\\AppData\\Local\\Temp\\ts-node-dev-hook-15183759250041362.js","function":"require.extensions..jsx.require.extensions..js","line":114,"method":".js","native":false},{"column":20,"file":"C:\\Users\\Atharva\\AppData\\Local\\Temp\\ts-node-dev-hook-15183759250041362.js","function":"require.extensions.<computed>","line":71,"method":"<computed>","native":false},{"column":13,"file":"D:\\Gymnaziem\\Server\\node_modules\\ts-node-dev\\lib\\hook.js","function":"Object.nodeDevHook [as .ts]","line":63,"method":"ts]","native":false},{"column":32,"file":"node:internal/modules/cjs/loader","function":"Module.load","line":1207,"method":"load","native":false},{"column":12,"file":"node:internal/modules/cjs/loader","function":"Module._load","line":1023,"method":"_load","native":false},{"column":19,"file":"node:internal/modules/cjs/loader","function":"Module.require","line":1235,"method":"require","native":false}]}
error: uncaughtException: Cannot read properties of undefined (reading 'method')
TypeError: Cannot read properties of undefined (reading 'method')
    at Function.handle (D:\Gymnaziem\Server\node_modules\express\lib\router\index.js:139:34)
    at new router (D:\Gymnaziem\Server\node_modules\express\lib\router\index.js:47:12)
    at routes (D:\Gymnaziem\Server\src\routes\index.ts:13:24)
    at App.initializeRoutes (D:\Gymnaziem\Server\src\index.ts:54:52)
    at new App (D:\Gymnaziem\Server\src\index.ts:34:10)
    at Object.<anonymous> (D:\Gymnaziem\Server\src\index.ts:79:13)
    at Module._compile (node:internal/modules/cjs/loader:1376:14)
    at Module._compile (D:\Gymnaziem\Server\node_modules\source-map-support\source-map-support.js:568:25)
    at Module.m._compile (C:\Users\Atharva\AppData\Local\Temp\ts-node-dev-hook-15183759250041362.js:69:33)
    at Module._extensions..js (node:internal/modules/cjs/loader:1435:10)
    at require.extensions..jsx.require.extensions..js (C:\Users\Atharva\AppData\Local\Temp\ts-node-dev-hook-15183759250041362.js:114:20)
    at require.extensions.<computed> (C:\Users\Atharva\AppData\Local\Temp\ts-node-dev-hook-15183759250041362.js:71:20)
    at Object.nodeDevHook [as .ts] (D:\Gymnaziem\Server\node_modules\ts-node-dev\lib\hook.js:63:13)
    at Module.load (node:internal/modules/cjs/loader:1207:32)
    at Function.Module._load (node:internal/modules/cjs/loader:1023:12)
    at Module.require (node:internal/modules/cjs/loader:1235:19) {"date":"Mon Feb 05 2024 21:01:21 GMT+0530 (India Standard Time)","error":{},"exception":true,"os":{"loadavg":[0,0,0],"uptime":888499.984},"process":{"argv":["C:\\Program Files\\nodejs\\node.exe","./src/index.ts"],"cwd":"D:\\Gymnaziem\\Server","execPath":"C:\\Program Files\\nodejs\\node.exe","gid":null,"memoryUsage":{"arrayBuffers":18356519,"external":20694418,"heapTotal":36835328,"heapUsed":26034024,"rss":69746688},"pid":49348,"uid":null,"version":"v20.11.0"},"stack":"TypeError: Cannot read properties of undefined (reading 'method')\n    at Function.handle (D:\\Gymnaziem\\Server\\node_modules\\express\\lib\\router\\index.js:139:34)\n    at new router (D:\\Gymnaziem\\Server\\node_modules\\express\\lib\\router\\index.js:47:12)\n    at routes (D:\\Gymnaziem\\Server\\src\\routes\\index.ts:13:24)\n    at App.initializeRoutes (D:\\Gymnaziem\\Server\\src\\index.ts:54:52)\n    at new App (D:\\Gymnaziem\\Server\\src\\index.ts:34:10)\n    at Object.<anonymous> (D:\\Gymnaziem\\Server\\src\\index.ts:79:13)\n    at Module._compile (node:internal/modules/cjs/loader:1376:14)\n    at Module._compile (D:\\Gymnaziem\\Server\\node_modules\\source-map-support\\source-map-support.js:568:25)\n    at Module.m._compile (C:\\Users\\Atharva\\AppData\\Local\\Temp\\ts-node-dev-hook-15183759250041362.js:69:33)\n    at Module._extensions..js (node:internal/modules/cjs/loader:1435:10)\n    at require.extensions..jsx.require.extensions..js (C:\\Users\\Atharva\\AppData\\Local\\Temp\\ts-node-dev-hook-15183759250041362.js:114:20)\n    at require.extensions.<computed> (C:\\Users\\Atharva\\AppData\\Local\\Temp\\ts-node-dev-hook-15183759250041362.js:71:20)\n    at Object.nodeDevHook [as .ts] (D:\\Gymnaziem\\Server\\node_modules\\ts-node-dev\\lib\\hook.js:63:13)\n    at Module.load (node:internal/modules/cjs/loader:1207:32)\n    at Function.Module._load (node:internal/modules/cjs/loader:1023:12)\n    at Module.require (node:internal/modules/cjs/loader:1235:19)","timestamp":"2024-02-05T15:31:21.202Z","trace":[{"column":34,"file":"D:\\Gymnaziem\\Server\\node_modules\\express\\lib\\router\\index.js","function":"Function.handle","line":139,"method":"handle","native":false},{"column":12,"file":"D:\\Gymnaziem\\Server\\node_modules\\express\\lib\\router\\index.js","function":"new router","line":47,"method":null,"native":false},{"column":24,"file":"D:\\Gymnaziem\\Server\\src\\routes\\index.ts","function":"routes","line":13,"method":null,"native":false},{"column":52,"file":"D:\\Gymnaziem\\Server\\src\\index.ts","function":"App.initializeRoutes","line":54,"method":"initializeRoutes","native":false},{"column":10,"file":"D:\\Gymnaziem\\Server\\src\\index.ts","function":"new App","line":34,"method":null,"native":false},{"column":13,"file":"D:\\Gymnaziem\\Server\\src\\index.ts","function":null,"line":79,"method":null,"native":false},{"column":14,"file":"node:internal/modules/cjs/loader","function":"Module._compile","line":1376,"method":"_compile","native":false},{"column":25,"file":"D:\\Gymnaziem\\Server\\node_modules\\source-map-support\\source-map-support.js","function":"Module._compile","line":568,"method":"_compile","native":false},{"column":33,"file":"C:\\Users\\Atharva\\AppData\\Local\\Temp\\ts-node-dev-hook-15183759250041362.js","function":"Module.m._compile","line":69,"method":"_compile","native":false},{"column":10,"file":"node:internal/modules/cjs/loader","function":"Module._extensions..js","line":1435,"method":".js","native":false},{"column":20,"file":"C:\\Users\\Atharva\\AppData\\Local\\Temp\\ts-node-dev-hook-15183759250041362.js","function":"require.extensions..jsx.require.extensions..js","line":114,"method":".js","native":false},{"column":20,"file":"C:\\Users\\Atharva\\AppData\\Local\\Temp\\ts-node-dev-hook-15183759250041362.js","function":"require.extensions.<computed>","line":71,"method":"<computed>","native":false},{"column":13,"file":"D:\\Gymnaziem\\Server\\node_modules\\ts-node-dev\\lib\\hook.js","function":"Object.nodeDevHook [as .ts]","line":63,"method":"ts]","native":false},{"column":32,"file":"node:internal/modules/cjs/loader","function":"Module.load","line":1207,"method":"load","native":false},{"column":12,"file":"node:internal/modules/cjs/loader","function":"Module._load","line":1023,"method":"_load","native":false},{"column":19,"file":"node:internal/modules/cjs/loader","function":"Module.require","line":1235,"method":"require","native":false}]}
error: uncaughtException: Cannot read properties of undefined (reading 'method')
TypeError: Cannot read properties of undefined (reading 'method')
    at Function.handle (D:\Gymnaziem\Server\node_modules\express\lib\router\index.js:139:34)
    at new router (D:\Gymnaziem\Server\node_modules\express\lib\router\index.js:47:12)
    at routes (D:\Gymnaziem\Server\src\routes\index.ts:13:24)
    at App.initializeRoutes (D:\Gymnaziem\Server\src\index.ts:54:52)
    at new App (D:\Gymnaziem\Server\src\index.ts:34:10)
    at Object.<anonymous> (D:\Gymnaziem\Server\src\index.ts:80:13)
    at Module._compile (node:internal/modules/cjs/loader:1376:14)
    at Module._compile (D:\Gymnaziem\Server\node_modules\source-map-support\source-map-support.js:568:25)
    at Module.m._compile (C:\Users\Atharva\AppData\Local\Temp\ts-node-dev-hook-15183759250041362.js:69:33)
    at Module._extensions..js (node:internal/modules/cjs/loader:1435:10)
    at require.extensions..jsx.require.extensions..js (C:\Users\Atharva\AppData\Local\Temp\ts-node-dev-hook-15183759250041362.js:114:20)
    at require.extensions.<computed> (C:\Users\Atharva\AppData\Local\Temp\ts-node-dev-hook-15183759250041362.js:71:20)
    at Object.nodeDevHook [as .ts] (D:\Gymnaziem\Server\node_modules\ts-node-dev\lib\hook.js:63:13)
    at Module.load (node:internal/modules/cjs/loader:1207:32)
    at Function.Module._load (node:internal/modules/cjs/loader:1023:12)
    at Module.require (node:internal/modules/cjs/loader:1235:19) {"date":"Mon Feb 05 2024 21:01:25 GMT+0530 (India Standard Time)","error":{},"exception":true,"os":{"loadavg":[0,0,0],"uptime":888503.984},"process":{"argv":["C:\\Program Files\\nodejs\\node.exe","./src/index.ts"],"cwd":"D:\\Gymnaziem\\Server","execPath":"C:\\Program Files\\nodejs\\node.exe","gid":null,"memoryUsage":{"arrayBuffers":18356690,"external":20694589,"heapTotal":36835328,"heapUsed":26142512,"rss":70053888},"pid":58408,"uid":null,"version":"v20.11.0"},"stack":"TypeError: Cannot read properties of undefined (reading 'method')\n    at Function.handle (D:\\Gymnaziem\\Server\\node_modules\\express\\lib\\router\\index.js:139:34)\n    at new router (D:\\Gymnaziem\\Server\\node_modules\\express\\lib\\router\\index.js:47:12)\n    at routes (D:\\Gymnaziem\\Server\\src\\routes\\index.ts:13:24)\n    at App.initializeRoutes (D:\\Gymnaziem\\Server\\src\\index.ts:54:52)\n    at new App (D:\\Gymnaziem\\Server\\src\\index.ts:34:10)\n    at Object.<anonymous> (D:\\Gymnaziem\\Server\\src\\index.ts:80:13)\n    at Module._compile (node:internal/modules/cjs/loader:1376:14)\n    at Module._compile (D:\\Gymnaziem\\Server\\node_modules\\source-map-support\\source-map-support.js:568:25)\n    at Module.m._compile (C:\\Users\\Atharva\\AppData\\Local\\Temp\\ts-node-dev-hook-15183759250041362.js:69:33)\n    at Module._extensions..js (node:internal/modules/cjs/loader:1435:10)\n    at require.extensions..jsx.require.extensions..js (C:\\Users\\Atharva\\AppData\\Local\\Temp\\ts-node-dev-hook-15183759250041362.js:114:20)\n    at require.extensions.<computed> (C:\\Users\\Atharva\\AppData\\Local\\Temp\\ts-node-dev-hook-15183759250041362.js:71:20)\n    at Object.nodeDevHook [as .ts] (D:\\Gymnaziem\\Server\\node_modules\\ts-node-dev\\lib\\hook.js:63:13)\n    at Module.load (node:internal/modules/cjs/loader:1207:32)\n    at Function.Module._load (node:internal/modules/cjs/loader:1023:12)\n    at Module.require (node:internal/modules/cjs/loader:1235:19)","timestamp":"2024-02-05T15:31:25.203Z","trace":[{"column":34,"file":"D:\\Gymnaziem\\Server\\node_modules\\express\\lib\\router\\index.js","function":"Function.handle","line":139,"method":"handle","native":false},{"column":12,"file":"D:\\Gymnaziem\\Server\\node_modules\\express\\lib\\router\\index.js","function":"new router","line":47,"method":null,"native":false},{"column":24,"file":"D:\\Gymnaziem\\Server\\src\\routes\\index.ts","function":"routes","line":13,"method":null,"native":false},{"column":52,"file":"D:\\Gymnaziem\\Server\\src\\index.ts","function":"App.initializeRoutes","line":54,"method":"initializeRoutes","native":false},{"column":10,"file":"D:\\Gymnaziem\\Server\\src\\index.ts","function":"new App","line":34,"method":null,"native":false},{"column":13,"file":"D:\\Gymnaziem\\Server\\src\\index.ts","function":null,"line":80,"method":null,"native":false},{"column":14,"file":"node:internal/modules/cjs/loader","function":"Module._compile","line":1376,"method":"_compile","native":false},{"column":25,"file":"D:\\Gymnaziem\\Server\\node_modules\\source-map-support\\source-map-support.js","function":"Module._compile","line":568,"method":"_compile","native":false},{"column":33,"file":"C:\\Users\\Atharva\\AppData\\Local\\Temp\\ts-node-dev-hook-15183759250041362.js","function":"Module.m._compile","line":69,"method":"_compile","native":false},{"column":10,"file":"node:internal/modules/cjs/loader","function":"Module._extensions..js","line":1435,"method":".js","native":false},{"column":20,"file":"C:\\Users\\Atharva\\AppData\\Local\\Temp\\ts-node-dev-hook-15183759250041362.js","function":"require.extensions..jsx.require.extensions..js","line":114,"method":".js","native":false},{"column":20,"file":"C:\\Users\\Atharva\\AppData\\Local\\Temp\\ts-node-dev-hook-15183759250041362.js","function":"require.extensions.<computed>","line":71,"method":"<computed>","native":false},{"column":13,"file":"D:\\Gymnaziem\\Server\\node_modules\\ts-node-dev\\lib\\hook.js","function":"Object.nodeDevHook [as .ts]","line":63,"method":"ts]","native":false},{"column":32,"file":"node:internal/modules/cjs/loader","function":"Module.load","line":1207,"method":"load","native":false},{"column":12,"file":"node:internal/modules/cjs/loader","function":"Module._load","line":1023,"method":"_load","native":false},{"column":19,"file":"node:internal/modules/cjs/loader","function":"Module.require","line":1235,"method":"require","native":false}]}
error: uncaughtException: Cannot read properties of undefined (reading 'method')
TypeError: Cannot read properties of undefined (reading 'method')
    at Function.handle (D:\Gymnaziem\Server\node_modules\express\lib\router\index.js:139:34)
    at new router (D:\Gymnaziem\Server\node_modules\express\lib\router\index.js:47:12)
    at routes (D:\Gymnaziem\Server\src\routes\index.ts:13:24)
    at App.initializeRoutes (D:\Gymnaziem\Server\src\index.ts:55:52)
    at new App (D:\Gymnaziem\Server\src\index.ts:35:10)
    at Object.<anonymous> (D:\Gymnaziem\Server\src\index.ts:81:13)
    at Module._compile (node:internal/modules/cjs/loader:1376:14)
    at Module._compile (D:\Gymnaziem\Server\node_modules\source-map-support\source-map-support.js:568:25)
    at Module.m._compile (C:\Users\Atharva\AppData\Local\Temp\ts-node-dev-hook-15183759250041362.js:69:33)
    at Module._extensions..js (node:internal/modules/cjs/loader:1435:10)
    at require.extensions..jsx.require.extensions..js (C:\Users\Atharva\AppData\Local\Temp\ts-node-dev-hook-15183759250041362.js:114:20)
    at require.extensions.<computed> (C:\Users\Atharva\AppData\Local\Temp\ts-node-dev-hook-15183759250041362.js:71:20)
    at Object.nodeDevHook [as .ts] (D:\Gymnaziem\Server\node_modules\ts-node-dev\lib\hook.js:63:13)
    at Module.load (node:internal/modules/cjs/loader:1207:32)
    at Function.Module._load (node:internal/modules/cjs/loader:1023:12)
    at Module.require (node:internal/modules/cjs/loader:1235:19) {"date":"Mon Feb 05 2024 21:01:31 GMT+0530 (India Standard Time)","error":{},"exception":true,"os":{"loadavg":[0,0,0],"uptime":888510.562},"process":{"argv":["C:\\Program Files\\nodejs\\node.exe","./src/index.ts"],"cwd":"D:\\Gymnaziem\\Server","execPath":"C:\\Program Files\\nodejs\\node.exe","gid":null,"memoryUsage":{"arrayBuffers":18356785,"external":20694684,"heapTotal":36835328,"heapUsed":25940048,"rss":69689344},"pid":58508,"uid":null,"version":"v20.11.0"},"stack":"TypeError: Cannot read properties of undefined (reading 'method')\n    at Function.handle (D:\\Gymnaziem\\Server\\node_modules\\express\\lib\\router\\index.js:139:34)\n    at new router (D:\\Gymnaziem\\Server\\node_modules\\express\\lib\\router\\index.js:47:12)\n    at routes (D:\\Gymnaziem\\Server\\src\\routes\\index.ts:13:24)\n    at App.initializeRoutes (D:\\Gymnaziem\\Server\\src\\index.ts:55:52)\n    at new App (D:\\Gymnaziem\\Server\\src\\index.ts:35:10)\n    at Object.<anonymous> (D:\\Gymnaziem\\Server\\src\\index.ts:81:13)\n    at Module._compile (node:internal/modules/cjs/loader:1376:14)\n    at Module._compile (D:\\Gymnaziem\\Server\\node_modules\\source-map-support\\source-map-support.js:568:25)\n    at Module.m._compile (C:\\Users\\Atharva\\AppData\\Local\\Temp\\ts-node-dev-hook-15183759250041362.js:69:33)\n    at Module._extensions..js (node:internal/modules/cjs/loader:1435:10)\n    at require.extensions..jsx.require.extensions..js (C:\\Users\\Atharva\\AppData\\Local\\Temp\\ts-node-dev-hook-15183759250041362.js:114:20)\n    at require.extensions.<computed> (C:\\Users\\Atharva\\AppData\\Local\\Temp\\ts-node-dev-hook-15183759250041362.js:71:20)\n    at Object.nodeDevHook [as .ts] (D:\\Gymnaziem\\Server\\node_modules\\ts-node-dev\\lib\\hook.js:63:13)\n    at Module.load (node:internal/modules/cjs/loader:1207:32)\n    at Function.Module._load (node:internal/modules/cjs/loader:1023:12)\n    at Module.require (node:internal/modules/cjs/loader:1235:19)","timestamp":"2024-02-05T15:31:31.781Z","trace":[{"column":34,"file":"D:\\Gymnaziem\\Server\\node_modules\\express\\lib\\router\\index.js","function":"Function.handle","line":139,"method":"handle","native":false},{"column":12,"file":"D:\\Gymnaziem\\Server\\node_modules\\express\\lib\\router\\index.js","function":"new router","line":47,"method":null,"native":false},{"column":24,"file":"D:\\Gymnaziem\\Server\\src\\routes\\index.ts","function":"routes","line":13,"method":null,"native":false},{"column":52,"file":"D:\\Gymnaziem\\Server\\src\\index.ts","function":"App.initializeRoutes","line":55,"method":"initializeRoutes","native":false},{"column":10,"file":"D:\\Gymnaziem\\Server\\src\\index.ts","function":"new App","line":35,"method":null,"native":false},{"column":13,"file":"D:\\Gymnaziem\\Server\\src\\index.ts","function":null,"line":81,"method":null,"native":false},{"column":14,"file":"node:internal/modules/cjs/loader","function":"Module._compile","line":1376,"method":"_compile","native":false},{"column":25,"file":"D:\\Gymnaziem\\Server\\node_modules\\source-map-support\\source-map-support.js","function":"Module._compile","line":568,"method":"_compile","native":false},{"column":33,"file":"C:\\Users\\Atharva\\AppData\\Local\\Temp\\ts-node-dev-hook-15183759250041362.js","function":"Module.m._compile","line":69,"method":"_compile","native":false},{"column":10,"file":"node:internal/modules/cjs/loader","function":"Module._extensions..js","line":1435,"method":".js","native":false},{"column":20,"file":"C:\\Users\\Atharva\\AppData\\Local\\Temp\\ts-node-dev-hook-15183759250041362.js","function":"require.extensions..jsx.require.extensions..js","line":114,"method":".js","native":false},{"column":20,"file":"C:\\Users\\Atharva\\AppData\\Local\\Temp\\ts-node-dev-hook-15183759250041362.js","function":"require.extensions.<computed>","line":71,"method":"<computed>","native":false},{"column":13,"file":"D:\\Gymnaziem\\Server\\node_modules\\ts-node-dev\\lib\\hook.js","function":"Object.nodeDevHook [as .ts]","line":63,"method":"ts]","native":false},{"column":32,"file":"node:internal/modules/cjs/loader","function":"Module.load","line":1207,"method":"load","native":false},{"column":12,"file":"node:internal/modules/cjs/loader","function":"Module._load","line":1023,"method":"_load","native":false},{"column":19,"file":"node:internal/modules/cjs/loader","function":"Module.require","line":1235,"method":"require","native":false}]}
error: uncaughtException: Cannot read properties of undefined (reading 'method')
TypeError: Cannot read properties of undefined (reading 'method')
    at Function.handle (D:\Gymnaziem\Server\node_modules\express\lib\router\index.js:139:34)
    at new router (D:\Gymnaziem\Server\node_modules\express\lib\router\index.js:47:12)
    at routes (D:\Gymnaziem\Server\src\routes\index.ts:13:24)
    at App.initializeRoutes (D:\Gymnaziem\Server\src\index.ts:55:52)
    at new App (D:\Gymnaziem\Server\src\index.ts:35:10)
    at Object.<anonymous> (D:\Gymnaziem\Server\src\index.ts:81:13)
    at Module._compile (node:internal/modules/cjs/loader:1376:14)
    at Module._compile (D:\Gymnaziem\Server\node_modules\source-map-support\source-map-support.js:568:25)
    at Module.m._compile (C:\Users\Atharva\AppData\Local\Temp\ts-node-dev-hook-15183759250041362.js:69:33)
    at Module._extensions..js (node:internal/modules/cjs/loader:1435:10)
    at require.extensions..jsx.require.extensions..js (C:\Users\Atharva\AppData\Local\Temp\ts-node-dev-hook-15183759250041362.js:114:20)
    at require.extensions.<computed> (C:\Users\Atharva\AppData\Local\Temp\ts-node-dev-hook-15183759250041362.js:71:20)
    at Object.nodeDevHook [as .ts] (D:\Gymnaziem\Server\node_modules\ts-node-dev\lib\hook.js:63:13)
    at Module.load (node:internal/modules/cjs/loader:1207:32)
    at Function.Module._load (node:internal/modules/cjs/loader:1023:12)
    at Module.require (node:internal/modules/cjs/loader:1235:19) {"date":"Mon Feb 05 2024 21:13:31 GMT+0530 (India Standard Time)","error":{},"exception":true,"os":{"loadavg":[0,0,0],"uptime":889229.968},"process":{"argv":["C:\\Program Files\\nodejs\\node.exe","./src/index.ts"],"cwd":"D:\\Gymnaziem\\Server","execPath":"C:\\Program Files\\nodejs\\node.exe","gid":null,"memoryUsage":{"arrayBuffers":18356785,"external":20694684,"heapTotal":37097472,"heapUsed":26403992,"rss":69541888},"pid":56340,"uid":null,"version":"v20.11.0"},"stack":"TypeError: Cannot read properties of undefined (reading 'method')\n    at Function.handle (D:\\Gymnaziem\\Server\\node_modules\\express\\lib\\router\\index.js:139:34)\n    at new router (D:\\Gymnaziem\\Server\\node_modules\\express\\lib\\router\\index.js:47:12)\n    at routes (D:\\Gymnaziem\\Server\\src\\routes\\index.ts:13:24)\n    at App.initializeRoutes (D:\\Gymnaziem\\Server\\src\\index.ts:55:52)\n    at new App (D:\\Gymnaziem\\Server\\src\\index.ts:35:10)\n    at Object.<anonymous> (D:\\Gymnaziem\\Server\\src\\index.ts:81:13)\n    at Module._compile (node:internal/modules/cjs/loader:1376:14)\n    at Module._compile (D:\\Gymnaziem\\Server\\node_modules\\source-map-support\\source-map-support.js:568:25)\n    at Module.m._compile (C:\\Users\\Atharva\\AppData\\Local\\Temp\\ts-node-dev-hook-15183759250041362.js:69:33)\n    at Module._extensions..js (node:internal/modules/cjs/loader:1435:10)\n    at require.extensions..jsx.require.extensions..js (C:\\Users\\Atharva\\AppData\\Local\\Temp\\ts-node-dev-hook-15183759250041362.js:114:20)\n    at require.extensions.<computed> (C:\\Users\\Atharva\\AppData\\Local\\Temp\\ts-node-dev-hook-15183759250041362.js:71:20)\n    at Object.nodeDevHook [as .ts] (D:\\Gymnaziem\\Server\\node_modules\\ts-node-dev\\lib\\hook.js:63:13)\n    at Module.load (node:internal/modules/cjs/loader:1207:32)\n    at Function.Module._load (node:internal/modules/cjs/loader:1023:12)\n    at Module.require (node:internal/modules/cjs/loader:1235:19)","timestamp":"2024-02-05T15:43:31.182Z","trace":[{"column":34,"file":"D:\\Gymnaziem\\Server\\node_modules\\express\\lib\\router\\index.js","function":"Function.handle","line":139,"method":"handle","native":false},{"column":12,"file":"D:\\Gymnaziem\\Server\\node_modules\\express\\lib\\router\\index.js","function":"new router","line":47,"method":null,"native":false},{"column":24,"file":"D:\\Gymnaziem\\Server\\src\\routes\\index.ts","function":"routes","line":13,"method":null,"native":false},{"column":52,"file":"D:\\Gymnaziem\\Server\\src\\index.ts","function":"App.initializeRoutes","line":55,"method":"initializeRoutes","native":false},{"column":10,"file":"D:\\Gymnaziem\\Server\\src\\index.ts","function":"new App","line":35,"method":null,"native":false},{"column":13,"file":"D:\\Gymnaziem\\Server\\src\\index.ts","function":null,"line":81,"method":null,"native":false},{"column":14,"file":"node:internal/modules/cjs/loader","function":"Module._compile","line":1376,"method":"_compile","native":false},{"column":25,"file":"D:\\Gymnaziem\\Server\\node_modules\\source-map-support\\source-map-support.js","function":"Module._compile","line":568,"method":"_compile","native":false},{"column":33,"file":"C:\\Users\\Atharva\\AppData\\Local\\Temp\\ts-node-dev-hook-15183759250041362.js","function":"Module.m._compile","line":69,"method":"_compile","native":false},{"column":10,"file":"node:internal/modules/cjs/loader","function":"Module._extensions..js","line":1435,"method":".js","native":false},{"column":20,"file":"C:\\Users\\Atharva\\AppData\\Local\\Temp\\ts-node-dev-hook-15183759250041362.js","function":"require.extensions..jsx.require.extensions..js","line":114,"method":".js","native":false},{"column":20,"file":"C:\\Users\\Atharva\\AppData\\Local\\Temp\\ts-node-dev-hook-15183759250041362.js","function":"require.extensions.<computed>","line":71,"method":"<computed>","native":false},{"column":13,"file":"D:\\Gymnaziem\\Server\\node_modules\\ts-node-dev\\lib\\hook.js","function":"Object.nodeDevHook [as .ts]","line":63,"method":"ts]","native":false},{"column":32,"file":"node:internal/modules/cjs/loader","function":"Module.load","line":1207,"method":"load","native":false},{"column":12,"file":"node:internal/modules/cjs/loader","function":"Module._load","line":1023,"method":"_load","native":false},{"column":19,"file":"node:internal/modules/cjs/loader","function":"Module.require","line":1235,"method":"require","native":false}]}
info: Server started at http://localhost:3000/api/v1/ {"timestamp":"2024-02-05T15:43:45.073Z"}
info: Connected to the database. {"timestamp":"2024-02-05T15:43:45.120Z"}
info: Server started at http://localhost:3000/api/v1/ {"timestamp":"2024-02-05T15:44:53.695Z"}
info: Connected to the database. {"timestamp":"2024-02-05T15:44:53.731Z"}
info: Server started at http://localhost:3000/api/v1/ {"timestamp":"2024-02-05T15:44:55.394Z"}
info: Connected to the database. {"timestamp":"2024-02-05T15:44:55.428Z"}
info: Server started at http://localhost:3000/api/v1/ {"timestamp":"2024-02-05T15:44:58.241Z"}
info: Connected to the database. {"timestamp":"2024-02-05T15:44:58.285Z"}
info: Server started at http://localhost:3000/api/v1/ {"timestamp":"2024-02-05T15:45:04.524Z"}
info: Connected to the database. {"timestamp":"2024-02-05T15:45:04.571Z"}
info: Server started at http://localhost:3000/api/v1/ {"timestamp":"2024-02-05T15:45:05.822Z"}
info: Connected to the database. {"timestamp":"2024-02-05T15:45:05.851Z"}
info: Server started at http://localhost:3000/api/v1/ {"timestamp":"2024-02-05T15:45:23.480Z"}
info: Connected to the database. {"timestamp":"2024-02-05T15:45:23.521Z"}
info: Server started at http://localhost:3000/api/v1/ {"timestamp":"2024-02-05T15:45:30.805Z"}
info: Connected to the database. {"timestamp":"2024-02-05T15:45:30.851Z"}
error: uncaughtException: Router.use() requires a middleware function
TypeError: Router.use() requires a middleware function
    at Function.use (D:\Gymnaziem\Server\node_modules\express\lib\router\index.js:462:11)
    at routes (D:\Gymnaziem\Server\src\routes\index.ts:13:10)
    at App.initializeRoutes (D:\Gymnaziem\Server\src\index.ts:55:52)
    at new App (D:\Gymnaziem\Server\src\index.ts:35:10)
    at Object.<anonymous> (D:\Gymnaziem\Server\src\index.ts:81:13)
    at Module._compile (node:internal/modules/cjs/loader:1376:14)
    at Module._compile (D:\Gymnaziem\Server\node_modules\source-map-support\source-map-support.js:568:25)
    at Module.m._compile (C:\Users\Atharva\AppData\Local\Temp\ts-node-dev-hook-15183759250041362.js:69:33)
    at Module._extensions..js (node:internal/modules/cjs/loader:1435:10)
    at require.extensions..jsx.require.extensions..js (C:\Users\Atharva\AppData\Local\Temp\ts-node-dev-hook-15183759250041362.js:114:20)
    at require.extensions.<computed> (C:\Users\Atharva\AppData\Local\Temp\ts-node-dev-hook-15183759250041362.js:71:20)
    at Object.nodeDevHook [as .ts] (D:\Gymnaziem\Server\node_modules\ts-node-dev\lib\hook.js:63:13)
    at Module.load (node:internal/modules/cjs/loader:1207:32)
    at Function.Module._load (node:internal/modules/cjs/loader:1023:12)
    at Module.require (node:internal/modules/cjs/loader:1235:19)
    at require (node:internal/modules/helpers:176:18) {"date":"Mon Feb 05 2024 21:15:32 GMT+0530 (India Standard Time)","error":{},"exception":true,"os":{"loadavg":[0,0,0],"uptime":889351.421},"process":{"argv":["C:\\Program Files\\nodejs\\node.exe","./src/index.ts"],"cwd":"D:\\Gymnaziem\\Server","execPath":"C:\\Program Files\\nodejs\\node.exe","gid":null,"memoryUsage":{"arrayBuffers":18356774,"external":20694684,"heapTotal":37097472,"heapUsed":26290256,"rss":70135808},"pid":70536,"uid":null,"version":"v20.11.0"},"stack":"TypeError: Router.use() requires a middleware function\n    at Function.use (D:\\Gymnaziem\\Server\\node_modules\\express\\lib\\router\\index.js:462:11)\n    at routes (D:\\Gymnaziem\\Server\\src\\routes\\index.ts:13:10)\n    at App.initializeRoutes (D:\\Gymnaziem\\Server\\src\\index.ts:55:52)\n    at new App (D:\\Gymnaziem\\Server\\src\\index.ts:35:10)\n    at Object.<anonymous> (D:\\Gymnaziem\\Server\\src\\index.ts:81:13)\n    at Module._compile (node:internal/modules/cjs/loader:1376:14)\n    at Module._compile (D:\\Gymnaziem\\Server\\node_modules\\source-map-support\\source-map-support.js:568:25)\n    at Module.m._compile (C:\\Users\\Atharva\\AppData\\Local\\Temp\\ts-node-dev-hook-15183759250041362.js:69:33)\n    at Module._extensions..js (node:internal/modules/cjs/loader:1435:10)\n    at require.extensions..jsx.require.extensions..js (C:\\Users\\Atharva\\AppData\\Local\\Temp\\ts-node-dev-hook-15183759250041362.js:114:20)\n    at require.extensions.<computed> (C:\\Users\\Atharva\\AppData\\Local\\Temp\\ts-node-dev-hook-15183759250041362.js:71:20)\n    at Object.nodeDevHook [as .ts] (D:\\Gymnaziem\\Server\\node_modules\\ts-node-dev\\lib\\hook.js:63:13)\n    at Module.load (node:internal/modules/cjs/loader:1207:32)\n    at Function.Module._load (node:internal/modules/cjs/loader:1023:12)\n    at Module.require (node:internal/modules/cjs/loader:1235:19)\n    at require (node:internal/modules/helpers:176:18)","timestamp":"2024-02-05T15:45:32.630Z","trace":[{"column":11,"file":"D:\\Gymnaziem\\Server\\node_modules\\express\\lib\\router\\index.js","function":"Function.use","line":462,"method":"use","native":false},{"column":10,"file":"D:\\Gymnaziem\\Server\\src\\routes\\index.ts","function":"routes","line":13,"method":null,"native":false},{"column":52,"file":"D:\\Gymnaziem\\Server\\src\\index.ts","function":"App.initializeRoutes","line":55,"method":"initializeRoutes","native":false},{"column":10,"file":"D:\\Gymnaziem\\Server\\src\\index.ts","function":"new App","line":35,"method":null,"native":false},{"column":13,"file":"D:\\Gymnaziem\\Server\\src\\index.ts","function":null,"line":81,"method":null,"native":false},{"column":14,"file":"node:internal/modules/cjs/loader","function":"Module._compile","line":1376,"method":"_compile","native":false},{"column":25,"file":"D:\\Gymnaziem\\Server\\node_modules\\source-map-support\\source-map-support.js","function":"Module._compile","line":568,"method":"_compile","native":false},{"column":33,"file":"C:\\Users\\Atharva\\AppData\\Local\\Temp\\ts-node-dev-hook-15183759250041362.js","function":"Module.m._compile","line":69,"method":"_compile","native":false},{"column":10,"file":"node:internal/modules/cjs/loader","function":"Module._extensions..js","line":1435,"method":".js","native":false},{"column":20,"file":"C:\\Users\\Atharva\\AppData\\Local\\Temp\\ts-node-dev-hook-15183759250041362.js","function":"require.extensions..jsx.require.extensions..js","line":114,"method":".js","native":false},{"column":20,"file":"C:\\Users\\Atharva\\AppData\\Local\\Temp\\ts-node-dev-hook-15183759250041362.js","function":"require.extensions.<computed>","line":71,"method":"<computed>","native":false},{"column":13,"file":"D:\\Gymnaziem\\Server\\node_modules\\ts-node-dev\\lib\\hook.js","function":"Object.nodeDevHook [as .ts]","line":63,"method":"ts]","native":false},{"column":32,"file":"node:internal/modules/cjs/loader","function":"Module.load","line":1207,"method":"load","native":false},{"column":12,"file":"node:internal/modules/cjs/loader","function":"Module._load","line":1023,"method":"_load","native":false},{"column":19,"file":"node:internal/modules/cjs/loader","function":"Module.require","line":1235,"method":"require","native":false},{"column":18,"file":"node:internal/modules/helpers","function":"require","line":176,"method":null,"native":false}]}
error: uncaughtException: Router.use() requires a middleware function
TypeError: Router.use() requires a middleware function
    at Function.use (D:\Gymnaziem\Server\node_modules\express\lib\router\index.js:462:11)
    at routes (D:\Gymnaziem\Server\src\routes\index.ts:13:10)
    at App.initializeRoutes (D:\Gymnaziem\Server\src\index.ts:55:52)
    at new App (D:\Gymnaziem\Server\src\index.ts:35:10)
    at Object.<anonymous> (D:\Gymnaziem\Server\src\index.ts:81:13)
    at Module._compile (node:internal/modules/cjs/loader:1376:14)
    at Module._compile (D:\Gymnaziem\Server\node_modules\source-map-support\source-map-support.js:568:25)
    at Module.m._compile (C:\Users\Atharva\AppData\Local\Temp\ts-node-dev-hook-15183759250041362.js:69:33)
    at Module._extensions..js (node:internal/modules/cjs/loader:1435:10)
    at require.extensions..jsx.require.extensions..js (C:\Users\Atharva\AppData\Local\Temp\ts-node-dev-hook-15183759250041362.js:114:20)
    at require.extensions.<computed> (C:\Users\Atharva\AppData\Local\Temp\ts-node-dev-hook-15183759250041362.js:71:20)
    at Object.nodeDevHook [as .ts] (D:\Gymnaziem\Server\node_modules\ts-node-dev\lib\hook.js:63:13)
    at Module.load (node:internal/modules/cjs/loader:1207:32)
    at Function.Module._load (node:internal/modules/cjs/loader:1023:12)
    at Module.require (node:internal/modules/cjs/loader:1235:19)
    at require (node:internal/modules/helpers:176:18) {"date":"Mon Feb 05 2024 21:15:36 GMT+0530 (India Standard Time)","error":{},"exception":true,"os":{"loadavg":[0,0,0],"uptime":889355.375},"process":{"argv":["C:\\Program Files\\nodejs\\node.exe","./src/index.ts"],"cwd":"D:\\Gymnaziem\\Server","execPath":"C:\\Program Files\\nodejs\\node.exe","gid":null,"memoryUsage":{"arrayBuffers":18356774,"external":20694684,"heapTotal":36835328,"heapUsed":26315352,"rss":69767168},"pid":62364,"uid":null,"version":"v20.11.0"},"stack":"TypeError: Router.use() requires a middleware function\n    at Function.use (D:\\Gymnaziem\\Server\\node_modules\\express\\lib\\router\\index.js:462:11)\n    at routes (D:\\Gymnaziem\\Server\\src\\routes\\index.ts:13:10)\n    at App.initializeRoutes (D:\\Gymnaziem\\Server\\src\\index.ts:55:52)\n    at new App (D:\\Gymnaziem\\Server\\src\\index.ts:35:10)\n    at Object.<anonymous> (D:\\Gymnaziem\\Server\\src\\index.ts:81:13)\n    at Module._compile (node:internal/modules/cjs/loader:1376:14)\n    at Module._compile (D:\\Gymnaziem\\Server\\node_modules\\source-map-support\\source-map-support.js:568:25)\n    at Module.m._compile (C:\\Users\\Atharva\\AppData\\Local\\Temp\\ts-node-dev-hook-15183759250041362.js:69:33)\n    at Module._extensions..js (node:internal/modules/cjs/loader:1435:10)\n    at require.extensions..jsx.require.extensions..js (C:\\Users\\Atharva\\AppData\\Local\\Temp\\ts-node-dev-hook-15183759250041362.js:114:20)\n    at require.extensions.<computed> (C:\\Users\\Atharva\\AppData\\Local\\Temp\\ts-node-dev-hook-15183759250041362.js:71:20)\n    at Object.nodeDevHook [as .ts] (D:\\Gymnaziem\\Server\\node_modules\\ts-node-dev\\lib\\hook.js:63:13)\n    at Module.load (node:internal/modules/cjs/loader:1207:32)\n    at Function.Module._load (node:internal/modules/cjs/loader:1023:12)\n    at Module.require (node:internal/modules/cjs/loader:1235:19)\n    at require (node:internal/modules/helpers:176:18)","timestamp":"2024-02-05T15:45:36.593Z","trace":[{"column":11,"file":"D:\\Gymnaziem\\Server\\node_modules\\express\\lib\\router\\index.js","function":"Function.use","line":462,"method":"use","native":false},{"column":10,"file":"D:\\Gymnaziem\\Server\\src\\routes\\index.ts","function":"routes","line":13,"method":null,"native":false},{"column":52,"file":"D:\\Gymnaziem\\Server\\src\\index.ts","function":"App.initializeRoutes","line":55,"method":"initializeRoutes","native":false},{"column":10,"file":"D:\\Gymnaziem\\Server\\src\\index.ts","function":"new App","line":35,"method":null,"native":false},{"column":13,"file":"D:\\Gymnaziem\\Server\\src\\index.ts","function":null,"line":81,"method":null,"native":false},{"column":14,"file":"node:internal/modules/cjs/loader","function":"Module._compile","line":1376,"method":"_compile","native":false},{"column":25,"file":"D:\\Gymnaziem\\Server\\node_modules\\source-map-support\\source-map-support.js","function":"Module._compile","line":568,"method":"_compile","native":false},{"column":33,"file":"C:\\Users\\Atharva\\AppData\\Local\\Temp\\ts-node-dev-hook-15183759250041362.js","function":"Module.m._compile","line":69,"method":"_compile","native":false},{"column":10,"file":"node:internal/modules/cjs/loader","function":"Module._extensions..js","line":1435,"method":".js","native":false},{"column":20,"file":"C:\\Users\\Atharva\\AppData\\Local\\Temp\\ts-node-dev-hook-15183759250041362.js","function":"require.extensions..jsx.require.extensions..js","line":114,"method":".js","native":false},{"column":20,"file":"C:\\Users\\Atharva\\AppData\\Local\\Temp\\ts-node-dev-hook-15183759250041362.js","function":"require.extensions.<computed>","line":71,"method":"<computed>","native":false},{"column":13,"file":"D:\\Gymnaziem\\Server\\node_modules\\ts-node-dev\\lib\\hook.js","function":"Object.nodeDevHook [as .ts]","line":63,"method":"ts]","native":false},{"column":32,"file":"node:internal/modules/cjs/loader","function":"Module.load","line":1207,"method":"load","native":false},{"column":12,"file":"node:internal/modules/cjs/loader","function":"Module._load","line":1023,"method":"_load","native":false},{"column":19,"file":"node:internal/modules/cjs/loader","function":"Module.require","line":1235,"method":"require","native":false},{"column":18,"file":"node:internal/modules/helpers","function":"require","line":176,"method":null,"native":false}]}
error: uncaughtException: Router.use() requires a middleware function
TypeError: Router.use() requires a middleware function
    at Function.use (D:\Gymnaziem\Server\node_modules\express\lib\router\index.js:462:11)
    at routes (D:\Gymnaziem\Server\src\routes\index.ts:13:10)
    at App.initializeRoutes (D:\Gymnaziem\Server\src\index.ts:55:52)
    at new App (D:\Gymnaziem\Server\src\index.ts:35:10)
    at Object.<anonymous> (D:\Gymnaziem\Server\src\index.ts:81:13)
    at Module._compile (node:internal/modules/cjs/loader:1376:14)
    at Module._compile (D:\Gymnaziem\Server\node_modules\source-map-support\source-map-support.js:568:25)
    at Module.m._compile (C:\Users\Atharva\AppData\Local\Temp\ts-node-dev-hook-15183759250041362.js:69:33)
    at Module._extensions..js (node:internal/modules/cjs/loader:1435:10)
    at require.extensions..jsx.require.extensions..js (C:\Users\Atharva\AppData\Local\Temp\ts-node-dev-hook-15183759250041362.js:114:20)
    at require.extensions.<computed> (C:\Users\Atharva\AppData\Local\Temp\ts-node-dev-hook-15183759250041362.js:71:20)
    at Object.nodeDevHook [as .ts] (D:\Gymnaziem\Server\node_modules\ts-node-dev\lib\hook.js:63:13)
    at Module.load (node:internal/modules/cjs/loader:1207:32)
    at Function.Module._load (node:internal/modules/cjs/loader:1023:12)
    at Module.require (node:internal/modules/cjs/loader:1235:19)
    at require (node:internal/modules/helpers:176:18) {"date":"Mon Feb 05 2024 21:15:40 GMT+0530 (India Standard Time)","error":{},"exception":true,"os":{"loadavg":[0,0,0],"uptime":889359.437},"process":{"argv":["C:\\Program Files\\nodejs\\node.exe","./src/index.ts"],"cwd":"D:\\Gymnaziem\\Server","execPath":"C:\\Program Files\\nodejs\\node.exe","gid":null,"memoryUsage":{"arrayBuffers":18356774,"external":20694684,"heapTotal":37097472,"heapUsed":26043320,"rss":70107136},"pid":40380,"uid":null,"version":"v20.11.0"},"stack":"TypeError: Router.use() requires a middleware function\n    at Function.use (D:\\Gymnaziem\\Server\\node_modules\\express\\lib\\router\\index.js:462:11)\n    at routes (D:\\Gymnaziem\\Server\\src\\routes\\index.ts:13:10)\n    at App.initializeRoutes (D:\\Gymnaziem\\Server\\src\\index.ts:55:52)\n    at new App (D:\\Gymnaziem\\Server\\src\\index.ts:35:10)\n    at Object.<anonymous> (D:\\Gymnaziem\\Server\\src\\index.ts:81:13)\n    at Module._compile (node:internal/modules/cjs/loader:1376:14)\n    at Module._compile (D:\\Gymnaziem\\Server\\node_modules\\source-map-support\\source-map-support.js:568:25)\n    at Module.m._compile (C:\\Users\\Atharva\\AppData\\Local\\Temp\\ts-node-dev-hook-15183759250041362.js:69:33)\n    at Module._extensions..js (node:internal/modules/cjs/loader:1435:10)\n    at require.extensions..jsx.require.extensions..js (C:\\Users\\Atharva\\AppData\\Local\\Temp\\ts-node-dev-hook-15183759250041362.js:114:20)\n    at require.extensions.<computed> (C:\\Users\\Atharva\\AppData\\Local\\Temp\\ts-node-dev-hook-15183759250041362.js:71:20)\n    at Object.nodeDevHook [as .ts] (D:\\Gymnaziem\\Server\\node_modules\\ts-node-dev\\lib\\hook.js:63:13)\n    at Module.load (node:internal/modules/cjs/loader:1207:32)\n    at Function.Module._load (node:internal/modules/cjs/loader:1023:12)\n    at Module.require (node:internal/modules/cjs/loader:1235:19)\n    at require (node:internal/modules/helpers:176:18)","timestamp":"2024-02-05T15:45:40.645Z","trace":[{"column":11,"file":"D:\\Gymnaziem\\Server\\node_modules\\express\\lib\\router\\index.js","function":"Function.use","line":462,"method":"use","native":false},{"column":10,"file":"D:\\Gymnaziem\\Server\\src\\routes\\index.ts","function":"routes","line":13,"method":null,"native":false},{"column":52,"file":"D:\\Gymnaziem\\Server\\src\\index.ts","function":"App.initializeRoutes","line":55,"method":"initializeRoutes","native":false},{"column":10,"file":"D:\\Gymnaziem\\Server\\src\\index.ts","function":"new App","line":35,"method":null,"native":false},{"column":13,"file":"D:\\Gymnaziem\\Server\\src\\index.ts","function":null,"line":81,"method":null,"native":false},{"column":14,"file":"node:internal/modules/cjs/loader","function":"Module._compile","line":1376,"method":"_compile","native":false},{"column":25,"file":"D:\\Gymnaziem\\Server\\node_modules\\source-map-support\\source-map-support.js","function":"Module._compile","line":568,"method":"_compile","native":false},{"column":33,"file":"C:\\Users\\Atharva\\AppData\\Local\\Temp\\ts-node-dev-hook-15183759250041362.js","function":"Module.m._compile","line":69,"method":"_compile","native":false},{"column":10,"file":"node:internal/modules/cjs/loader","function":"Module._extensions..js","line":1435,"method":".js","native":false},{"column":20,"file":"C:\\Users\\Atharva\\AppData\\Local\\Temp\\ts-node-dev-hook-15183759250041362.js","function":"require.extensions..jsx.require.extensions..js","line":114,"method":".js","native":false},{"column":20,"file":"C:\\Users\\Atharva\\AppData\\Local\\Temp\\ts-node-dev-hook-15183759250041362.js","function":"require.extensions.<computed>","line":71,"method":"<computed>","native":false},{"column":13,"file":"D:\\Gymnaziem\\Server\\node_modules\\ts-node-dev\\lib\\hook.js","function":"Object.nodeDevHook [as .ts]","line":63,"method":"ts]","native":false},{"column":32,"file":"node:internal/modules/cjs/loader","function":"Module.load","line":1207,"method":"load","native":false},{"column":12,"file":"node:internal/modules/cjs/loader","function":"Module._load","line":1023,"method":"_load","native":false},{"column":19,"file":"node:internal/modules/cjs/loader","function":"Module.require","line":1235,"method":"require","native":false},{"column":18,"file":"node:internal/modules/helpers","function":"require","line":176,"method":null,"native":false}]}
info: Server started at http://localhost:3000/api/v1/ {"timestamp":"2024-02-05T15:45:45.056Z"}
info: Connected to the database. {"timestamp":"2024-02-05T15:45:45.111Z"}
info: Server started at http://localhost:3000/api/v1/ {"timestamp":"2024-02-05T15:45:51.767Z"}
info: Connected to the database. {"timestamp":"2024-02-05T15:45:51.803Z"}
info: Server started at http://localhost:3000/api/v1/ {"timestamp":"2024-02-05T15:45:53.075Z"}
info: Connected to the database. {"timestamp":"2024-02-05T15:45:53.111Z"}
info: Server started at http://localhost:3000/api/v1/ {"timestamp":"2024-02-05T15:45:55.292Z"}
info: Connected to the database. {"timestamp":"2024-02-05T15:45:55.329Z"}
info: Server started at http://localhost:3000/api/v1/ {"timestamp":"2024-02-05T15:45:56.703Z"}
info: Connected to the database. {"timestamp":"2024-02-05T15:45:56.739Z"}
info: Server started at http://localhost:3000/api/v1/ {"timestamp":"2024-02-05T15:46:00.941Z"}
info: Connected to the database. {"timestamp":"2024-02-05T15:46:00.974Z"}
info: Server started at http://localhost:3000/api/v1/ {"timestamp":"2024-02-05T15:46:05.396Z"}
info: Connected to the database. {"timestamp":"2024-02-05T15:46:05.424Z"}
info: Server started at http://localhost:3000/api/v1/ {"timestamp":"2024-02-05T15:49:56.239Z"}
info: Connected to the database. {"timestamp":"2024-02-05T15:49:56.271Z"}
info: Server started at http://localhost:3000/api/v1/ {"timestamp":"2024-02-05T15:50:06.769Z"}
info: Connected to the database. {"timestamp":"2024-02-05T15:50:06.805Z"}
info: Server started at http://localhost:3000/api/v1/ {"timestamp":"2024-02-05T15:50:23.322Z"}
info: Connected to the database. {"timestamp":"2024-02-05T15:50:23.355Z"}
info: Server started at http://localhost:3000/api/v1/ {"timestamp":"2024-02-05T15:52:13.189Z"}
info: Connected to the database. {"timestamp":"2024-02-05T15:52:13.221Z"}
info: Server started at http://localhost:3000/api/v1/ {"timestamp":"2024-02-05T15:52:48.308Z"}
info: Connected to the database. {"timestamp":"2024-02-05T15:52:48.339Z"}
info: Server started at http://localhost:3000/api/v1/ {"timestamp":"2024-02-05T15:52:49.524Z"}
info: Connected to the database. {"timestamp":"2024-02-05T15:52:49.558Z"}
info: Server started at http://localhost:3000/api/v1/ {"timestamp":"2024-02-05T15:52:51.491Z"}
info: Connected to the database. {"timestamp":"2024-02-05T15:52:51.522Z"}
info: Server started at http://localhost:3000/api/v1/ {"timestamp":"2024-02-05T15:52:55.738Z"}
info: Connected to the database. {"timestamp":"2024-02-05T15:52:55.783Z"}
info: Server started at http://localhost:3000/api/v1/ {"timestamp":"2024-02-05T15:53:02.796Z"}
info: Connected to the database. {"timestamp":"2024-02-05T15:53:02.828Z"}
info: Server started at http://localhost:3000/api/v1/ {"timestamp":"2024-02-05T15:53:31.814Z"}
info: Connected to the database. {"timestamp":"2024-02-05T15:53:31.849Z"}
info: Server started at http://localhost:3000/api/v1/ {"timestamp":"2024-02-05T15:53:35.885Z"}
info: Connected to the database. {"timestamp":"2024-02-05T15:53:35.926Z"}
info: Server started at http://localhost:3000/api/v1/ {"timestamp":"2024-02-05T15:53:42.133Z"}
info: Connected to the database. {"timestamp":"2024-02-05T15:53:42.166Z"}
info: Server started at http://localhost:3000/api/v1/ {"timestamp":"2024-02-05T15:53:45.595Z"}
info: Connected to the database. {"timestamp":"2024-02-05T15:53:45.630Z"}
info: Server started at http://localhost:3000/api/v1/ {"timestamp":"2024-02-05T15:54:51.760Z"}
info: Connected to the database. {"timestamp":"2024-02-05T15:54:51.794Z"}
info: Server started at http://localhost:3000/api/v1/ {"timestamp":"2024-02-05T15:55:01.701Z"}
info: Connected to the database. {"timestamp":"2024-02-05T15:55:01.730Z"}
info: Server started at http://localhost:3000/api/v1/ {"timestamp":"2024-02-05T15:55:23.402Z"}
info: Connected to the database. {"timestamp":"2024-02-05T15:55:23.441Z"}
info: Server started at http://localhost:3000/api/v1/ {"timestamp":"2024-02-05T15:55:30.333Z"}
info: Connected to the database. {"timestamp":"2024-02-05T15:55:30.365Z"}
info: Server started at http://localhost:3000/api/v1/ {"timestamp":"2024-02-05T15:55:36.090Z"}
info: Connected to the database. {"timestamp":"2024-02-05T15:55:36.124Z"}
info: Server started at http://localhost:3000/api/v1/ {"timestamp":"2024-02-05T15:55:38.321Z"}
info: Connected to the database. {"timestamp":"2024-02-05T15:55:38.358Z"}
info: Server started at http://localhost:3000/api/v1/ {"timestamp":"2024-02-05T15:56:00.341Z"}
info: Connected to the database. {"timestamp":"2024-02-05T15:56:00.369Z"}
info: Server started at http://localhost:3000/api/v1/ {"timestamp":"2024-02-05T15:56:26.608Z"}
info: Connected to the database. {"timestamp":"2024-02-05T15:56:26.644Z"}
info: Server started at http://localhost:3000/api/v1/ {"timestamp":"2024-02-05T15:56:46.005Z"}
info: Connected to the database. {"timestamp":"2024-02-05T15:56:46.061Z"}
info: Server started at http://localhost:3000/api/v1/ {"timestamp":"2024-02-05T15:56:48.760Z"}
info: Connected to the database. {"timestamp":"2024-02-05T15:56:48.796Z"}
info: Server started at http://localhost:3000/api/v1/ {"timestamp":"2024-02-05T15:56:51.963Z"}
info: Connected to the database. {"timestamp":"2024-02-05T15:56:52.003Z"}
info: Server started at http://localhost:3000/api/v1/ {"timestamp":"2024-02-05T15:56:53.643Z"}
info: Connected to the database. {"timestamp":"2024-02-05T15:56:53.681Z"}
info: Server started at http://localhost:3000/api/v1/ {"timestamp":"2024-02-05T15:57:02.120Z"}
info: Connected to the database. {"timestamp":"2024-02-05T15:57:02.159Z"}
info: Server started at http://localhost:3000/api/v1/ {"timestamp":"2024-02-05T15:57:03.589Z"}
info: Connected to the database. {"timestamp":"2024-02-05T15:57:03.623Z"}
info: Server started at http://localhost:3000/api/v1/ {"timestamp":"2024-02-05T15:57:07.080Z"}
info: Connected to the database. {"timestamp":"2024-02-05T15:57:07.111Z"}
info: Server started at http://localhost:3000/api/v1/ {"timestamp":"2024-02-05T15:57:16.448Z"}
info: Connected to the database. {"timestamp":"2024-02-05T15:57:16.490Z"}
info: Server started at http://localhost:3000/api/v1/ {"timestamp":"2024-02-05T15:57:18.529Z"}
info: Connected to the database. {"timestamp":"2024-02-05T15:57:18.569Z"}
info: Server started at http://localhost:3000/api/v1/ {"timestamp":"2024-02-05T15:57:21.282Z"}
info: Connected to the database. {"timestamp":"2024-02-05T15:57:21.318Z"}
info: Server started at http://localhost:3000/api/v1/ {"timestamp":"2024-02-05T15:57:37.257Z"}
info: Connected to the database. {"timestamp":"2024-02-05T15:57:37.291Z"}
info: Server started at http://localhost:3000/api/v1/ {"timestamp":"2024-02-05T15:57:43.335Z"}
info: Connected to the database. {"timestamp":"2024-02-05T15:57:43.365Z"}
info: Server started at http://localhost:3000/api/v1/ {"timestamp":"2024-02-05T15:58:07.993Z"}
info: Connected to the database. {"timestamp":"2024-02-05T15:58:08.024Z"}
info: Server started at http://localhost:3000/api/v1/ {"timestamp":"2024-02-05T15:58:15.730Z"}
info: Connected to the database. {"timestamp":"2024-02-05T15:58:15.764Z"}
info: Server started at http://localhost:3000/api/v1/ {"timestamp":"2024-02-05T15:58:40.404Z"}
info: Connected to the database. {"timestamp":"2024-02-05T15:58:40.437Z"}
info: Server started at http://localhost:3000/api/v1/ {"timestamp":"2024-02-05T15:58:53.250Z"}
info: Connected to the database. {"timestamp":"2024-02-05T15:58:53.288Z"}
info: Server started at http://localhost:3000/api/v1/ {"timestamp":"2024-02-05T15:59:31.520Z"}
info: Connected to the database. {"timestamp":"2024-02-05T15:59:31.570Z"}
info: Server started at http://localhost:3000/api/v1/ {"timestamp":"2024-02-05T15:59:36.865Z"}
info: Connected to the database. {"timestamp":"2024-02-05T15:59:36.902Z"}
info: Server started at http://localhost:3000/api/v1/ {"timestamp":"2024-02-05T15:59:40.944Z"}
info: Connected to the database. {"timestamp":"2024-02-05T15:59:41.000Z"}
info: Server started at http://localhost:3000/api/v1/ {"timestamp":"2024-02-05T15:59:43.117Z"}
info: Connected to the database. {"timestamp":"2024-02-05T15:59:43.158Z"}
info: Server started at http://localhost:3000/api/v1/ {"timestamp":"2024-02-05T15:59:49.655Z"}
info: Connected to the database. {"timestamp":"2024-02-05T15:59:49.690Z"}
info: Server started at http://localhost:3000/api/v1/ {"timestamp":"2024-02-05T16:00:22.904Z"}
info: Connected to the database. {"timestamp":"2024-02-05T16:00:22.935Z"}
info: Server started at http://localhost:3000/api/v1/ {"timestamp":"2024-02-05T16:00:32.385Z"}
info: Connected to the database. {"timestamp":"2024-02-05T16:00:32.419Z"}
info: Server started at http://localhost:3000/api/v1/ {"timestamp":"2024-02-05T16:03:53.823Z"}
info: Connected to the database. {"timestamp":"2024-02-05T16:03:53.861Z"}
info: Server started at http://localhost:3000/api/v1/ {"timestamp":"2024-02-05T16:04:03.118Z"}
info: Connected to the database. {"timestamp":"2024-02-05T16:04:03.152Z"}
info: Server started at http://localhost:3000/api/v1/ {"timestamp":"2024-02-05T16:05:02.261Z"}
info: Connected to the database. {"timestamp":"2024-02-05T16:05:02.297Z"}
info: Server started at http://localhost:3000/api/v1/ {"timestamp":"2024-02-05T16:05:03.690Z"}
info: Connected to the database. {"timestamp":"2024-02-05T16:05:03.723Z"}
info: Server started at http://localhost:3000/api/v1/ {"timestamp":"2024-02-05T16:05:06.416Z"}
info: Connected to the database. {"timestamp":"2024-02-05T16:05:06.445Z"}
info: Server started at http://localhost:3000/api/v1/ {"timestamp":"2024-02-05T16:05:09.662Z"}
info: Connected to the database. {"timestamp":"2024-02-05T16:05:09.731Z"}
info: Server started at http://localhost:3000/api/v1/ {"timestamp":"2024-02-05T16:05:11.920Z"}
info: Connected to the database. {"timestamp":"2024-02-05T16:05:11.952Z"}
info: Server started at http://localhost:3000/api/v1/ {"timestamp":"2024-02-05T16:05:14.790Z"}
info: Connected to the database. {"timestamp":"2024-02-05T16:05:14.823Z"}
info: Server started at http://localhost:3000/api/v1/ {"timestamp":"2024-02-05T16:06:29.221Z"}
info: Connected to the database. {"timestamp":"2024-02-05T16:06:29.252Z"}
