info: Server started at undefined:undefined/api/undefined/ {"timestamp":"2024-01-31T14:52:12.336Z"}
error: Could not connect to the database. The `uri` parameter to `openUri()` must be a string, got "undefined". Make sure the first parameter to `mongoose.connect()` or `mongoose.createConnection()` is a string. {"stack":"MongooseError: The `uri` parameter to `openUri()` must be a string, got \"undefined\". Make sure the first parameter to `mongoose.connect()` or `mongoose.createConnection()` is a string.\n    at NativeConnection.Connection.openUri (D:\\Gymnaziem\\Server\\node_modules\\mongoose\\lib\\connection.js:694:11)\n    at D:\\Gymnaziem\\Server\\node_modules\\mongoose\\lib\\index.js:351:10\n    at D:\\Gymnaziem\\Server\\node_modules\\mongoose\\lib\\helpers\\promiseOrCallback.js:32:5\n    at new Promise (<anonymous>)\n    at promiseOrCallback (D:\\Gymnaziem\\Server\\node_modules\\mongoose\\lib\\helpers\\promiseOrCallback.js:31:10)\n    at Mongoose._promiseOrCallback (D:\\Gymnaziem\\Server\\node_modules\\mongoose\\lib\\index.js:1149:10)\n    at Mongoose.connect (D:\\Gymnaziem\\Server\\node_modules\\mongoose\\lib\\index.js:350:20)\n    at Database.<anonymous> (D:\\Gymnaziem\\Server\\src\\config\\database.ts:20:22)\n    at Generator.next (<anonymous>)\n    at D:\\Gymnaziem\\Server\\src\\config\\database.ts:8:71\n    at new Promise (<anonymous>)\n    at __awaiter (D:\\Gymnaziem\\Server\\src\\config\\database.ts:4:12)\n    at Database.initializeDatabase (D:\\Gymnaziem\\Server\\src\\config\\database.ts:18:57)\n    at App.initializeDatabase (D:\\Gymnaziem\\Server\\src\\index.ts:48:13)\n    at new App (D:\\Gymnaziem\\Server\\src\\index.ts:34:10)\n    at Object.<anonymous> (D:\\Gymnaziem\\Server\\src\\index.ts:74:13)","timestamp":"2024-01-31T14:52:12.347Z"}
info: Server started at undefined:undefined/api/undefined/ {"timestamp":"2024-01-31T14:54:02.939Z"}
error: Could not connect to the database. The `uri` parameter to `openUri()` must be a string, got "undefined". Make sure the first parameter to `mongoose.connect()` or `mongoose.createConnection()` is a string. {"stack":"MongooseError: The `uri` parameter to `openUri()` must be a string, got \"undefined\". Make sure the first parameter to `mongoose.connect()` or `mongoose.createConnection()` is a string.\n    at NativeConnection.Connection.openUri (D:\\Gymnaziem\\Server\\node_modules\\mongoose\\lib\\connection.js:694:11)\n    at D:\\Gymnaziem\\Server\\node_modules\\mongoose\\lib\\index.js:351:10\n    at D:\\Gymnaziem\\Server\\node_modules\\mongoose\\lib\\helpers\\promiseOrCallback.js:32:5\n    at new Promise (<anonymous>)\n    at promiseOrCallback (D:\\Gymnaziem\\Server\\node_modules\\mongoose\\lib\\helpers\\promiseOrCallback.js:31:10)\n    at Mongoose._promiseOrCallback (D:\\Gymnaziem\\Server\\node_modules\\mongoose\\lib\\index.js:1149:10)\n    at Mongoose.connect (D:\\Gymnaziem\\Server\\node_modules\\mongoose\\lib\\index.js:350:20)\n    at Database.<anonymous> (D:\\Gymnaziem\\Server\\src\\config\\database.ts:20:22)\n    at Generator.next (<anonymous>)\n    at D:\\Gymnaziem\\Server\\src\\config\\database.ts:8:71\n    at new Promise (<anonymous>)\n    at __awaiter (D:\\Gymnaziem\\Server\\src\\config\\database.ts:4:12)\n    at Database.initializeDatabase (D:\\Gymnaziem\\Server\\src\\config\\database.ts:18:57)\n    at App.initializeDatabase (D:\\Gymnaziem\\Server\\src\\index.ts:48:13)\n    at new App (D:\\Gymnaziem\\Server\\src\\index.ts:34:10)\n    at Object.<anonymous> (D:\\Gymnaziem\\Server\\src\\index.ts:74:13)","timestamp":"2024-01-31T14:54:02.946Z"}
info: Server started at undefined:undefined/api/undefined/ {"timestamp":"2024-01-31T15:00:02.778Z"}
error: Could not connect to the database. The `uri` parameter to `openUri()` must be a string, got "undefined". Make sure the first parameter to `mongoose.connect()` or `mongoose.createConnection()` is a string. {"stack":"MongooseError: The `uri` parameter to `openUri()` must be a string, got \"undefined\". Make sure the first parameter to `mongoose.connect()` or `mongoose.createConnection()` is a string.\n    at NativeConnection.Connection.openUri (D:\\Gymnaziem\\Server\\node_modules\\mongoose\\lib\\connection.js:694:11)\n    at D:\\Gymnaziem\\Server\\node_modules\\mongoose\\lib\\index.js:351:10\n    at D:\\Gymnaziem\\Server\\node_modules\\mongoose\\lib\\helpers\\promiseOrCallback.js:32:5\n    at new Promise (<anonymous>)\n    at promiseOrCallback (D:\\Gymnaziem\\Server\\node_modules\\mongoose\\lib\\helpers\\promiseOrCallback.js:31:10)\n    at Mongoose._promiseOrCallback (D:\\Gymnaziem\\Server\\node_modules\\mongoose\\lib\\index.js:1149:10)\n    at Mongoose.connect (D:\\Gymnaziem\\Server\\node_modules\\mongoose\\lib\\index.js:350:20)\n    at Database.<anonymous> (D:\\Gymnaziem\\Server\\src\\config\\database.ts:20:22)\n    at Generator.next (<anonymous>)\n    at D:\\Gymnaziem\\Server\\src\\config\\database.ts:8:71\n    at new Promise (<anonymous>)\n    at __awaiter (D:\\Gymnaziem\\Server\\src\\config\\database.ts:4:12)\n    at Database.initializeDatabase (D:\\Gymnaziem\\Server\\src\\config\\database.ts:18:57)\n    at App.initializeDatabase (D:\\Gymnaziem\\Server\\src\\index.ts:48:13)\n    at new App (D:\\Gymnaziem\\Server\\src\\index.ts:34:10)\n    at Object.<anonymous> (D:\\Gymnaziem\\Server\\src\\index.ts:74:13)","timestamp":"2024-01-31T15:00:02.786Z"}
info: Server started at undefined:undefined/api/undefined/ {"timestamp":"2024-01-31T15:01:29.125Z"}
error: Could not connect to the database. The `uri` parameter to `openUri()` must be a string, got "undefined". Make sure the first parameter to `mongoose.connect()` or `mongoose.createConnection()` is a string. {"stack":"MongooseError: The `uri` parameter to `openUri()` must be a string, got \"undefined\". Make sure the first parameter to `mongoose.connect()` or `mongoose.createConnection()` is a string.\n    at NativeConnection.Connection.openUri (D:\\Gymnaziem\\Server\\node_modules\\mongoose\\lib\\connection.js:694:11)\n    at D:\\Gymnaziem\\Server\\node_modules\\mongoose\\lib\\index.js:351:10\n    at D:\\Gymnaziem\\Server\\node_modules\\mongoose\\lib\\helpers\\promiseOrCallback.js:32:5\n    at new Promise (<anonymous>)\n    at promiseOrCallback (D:\\Gymnaziem\\Server\\node_modules\\mongoose\\lib\\helpers\\promiseOrCallback.js:31:10)\n    at Mongoose._promiseOrCallback (D:\\Gymnaziem\\Server\\node_modules\\mongoose\\lib\\index.js:1149:10)\n    at Mongoose.connect (D:\\Gymnaziem\\Server\\node_modules\\mongoose\\lib\\index.js:350:20)\n    at Database.<anonymous> (D:\\Gymnaziem\\Server\\src\\config\\database.ts:20:22)\n    at Generator.next (<anonymous>)\n    at D:\\Gymnaziem\\Server\\src\\config\\database.ts:8:71\n    at new Promise (<anonymous>)\n    at __awaiter (D:\\Gymnaziem\\Server\\src\\config\\database.ts:4:12)\n    at Database.initializeDatabase (D:\\Gymnaziem\\Server\\src\\config\\database.ts:18:57)\n    at App.initializeDatabase (D:\\Gymnaziem\\Server\\src\\index.ts:48:13)\n    at new App (D:\\Gymnaziem\\Server\\src\\index.ts:34:10)\n    at Object.<anonymous> (D:\\Gymnaziem\\Server\\src\\index.ts:74:13)","timestamp":"2024-01-31T15:01:29.133Z"}
info: Server started at undefined:undefined/api/undefined/ {"timestamp":"2024-01-31T15:08:05.502Z"}
error: Could not connect to the database. The `uri` parameter to `openUri()` must be a string, got "undefined". Make sure the first parameter to `mongoose.connect()` or `mongoose.createConnection()` is a string. {"stack":"MongooseError: The `uri` parameter to `openUri()` must be a string, got \"undefined\". Make sure the first parameter to `mongoose.connect()` or `mongoose.createConnection()` is a string.\n    at NativeConnection.Connection.openUri (D:\\Gymnaziem\\Server\\node_modules\\mongoose\\lib\\connection.js:694:11)\n    at D:\\Gymnaziem\\Server\\node_modules\\mongoose\\lib\\index.js:351:10\n    at D:\\Gymnaziem\\Server\\node_modules\\mongoose\\lib\\helpers\\promiseOrCallback.js:32:5\n    at new Promise (<anonymous>)\n    at promiseOrCallback (D:\\Gymnaziem\\Server\\node_modules\\mongoose\\lib\\helpers\\promiseOrCallback.js:31:10)\n    at Mongoose._promiseOrCallback (D:\\Gymnaziem\\Server\\node_modules\\mongoose\\lib\\index.js:1149:10)\n    at Mongoose.connect (D:\\Gymnaziem\\Server\\node_modules\\mongoose\\lib\\index.js:350:20)\n    at Database.<anonymous> (D:\\Gymnaziem\\Server\\src\\config\\database.ts:20:22)\n    at Generator.next (<anonymous>)\n    at D:\\Gymnaziem\\Server\\src\\config\\database.ts:8:71\n    at new Promise (<anonymous>)\n    at __awaiter (D:\\Gymnaziem\\Server\\src\\config\\database.ts:4:12)\n    at Database.initializeDatabase (D:\\Gymnaziem\\Server\\src\\config\\database.ts:18:57)\n    at App.initializeDatabase (D:\\Gymnaziem\\Server\\src\\index.ts:48:13)\n    at new App (D:\\Gymnaziem\\Server\\src\\index.ts:34:10)\n    at Object.<anonymous> (D:\\Gymnaziem\\Server\\src\\index.ts:74:13)","timestamp":"2024-01-31T15:08:05.509Z"}
info: Server started at undefined:undefined/api/undefined/ {"timestamp":"2024-01-31T15:08:36.599Z"}
error: Could not connect to the database. The `uri` parameter to `openUri()` must be a string, got "undefined". Make sure the first parameter to `mongoose.connect()` or `mongoose.createConnection()` is a string. {"stack":"MongooseError: The `uri` parameter to `openUri()` must be a string, got \"undefined\". Make sure the first parameter to `mongoose.connect()` or `mongoose.createConnection()` is a string.\n    at NativeConnection.Connection.openUri (D:\\Gymnaziem\\Server\\node_modules\\mongoose\\lib\\connection.js:694:11)\n    at D:\\Gymnaziem\\Server\\node_modules\\mongoose\\lib\\index.js:351:10\n    at D:\\Gymnaziem\\Server\\node_modules\\mongoose\\lib\\helpers\\promiseOrCallback.js:32:5\n    at new Promise (<anonymous>)\n    at promiseOrCallback (D:\\Gymnaziem\\Server\\node_modules\\mongoose\\lib\\helpers\\promiseOrCallback.js:31:10)\n    at Mongoose._promiseOrCallback (D:\\Gymnaziem\\Server\\node_modules\\mongoose\\lib\\index.js:1149:10)\n    at Mongoose.connect (D:\\Gymnaziem\\Server\\node_modules\\mongoose\\lib\\index.js:350:20)\n    at Database.<anonymous> (D:\\Gymnaziem\\Server\\src\\config\\database.ts:20:22)\n    at Generator.next (<anonymous>)\n    at D:\\Gymnaziem\\Server\\src\\config\\database.ts:8:71\n    at new Promise (<anonymous>)\n    at __awaiter (D:\\Gymnaziem\\Server\\src\\config\\database.ts:4:12)\n    at Database.initializeDatabase (D:\\Gymnaziem\\Server\\src\\config\\database.ts:18:57)\n    at App.initializeDatabase (D:\\Gymnaziem\\Server\\src\\index.ts:48:13)\n    at new App (D:\\Gymnaziem\\Server\\src\\index.ts:34:10)\n    at Object.<anonymous> (D:\\Gymnaziem\\Server\\src\\index.ts:74:13)","timestamp":"2024-01-31T15:08:36.613Z"}
info: Server started at undefined:undefined/api/undefined/ {"timestamp":"2024-01-31T15:12:30.336Z"}
error: Could not connect to the database. The `uri` parameter to `openUri()` must be a string, got "undefined". Make sure the first parameter to `mongoose.connect()` or `mongoose.createConnection()` is a string. {"stack":"MongooseError: The `uri` parameter to `openUri()` must be a string, got \"undefined\". Make sure the first parameter to `mongoose.connect()` or `mongoose.createConnection()` is a string.\n    at NativeConnection.Connection.openUri (D:\\Gymnaziem\\Server\\node_modules\\mongoose\\lib\\connection.js:694:11)\n    at D:\\Gymnaziem\\Server\\node_modules\\mongoose\\lib\\index.js:351:10\n    at D:\\Gymnaziem\\Server\\node_modules\\mongoose\\lib\\helpers\\promiseOrCallback.js:32:5\n    at new Promise (<anonymous>)\n    at promiseOrCallback (D:\\Gymnaziem\\Server\\node_modules\\mongoose\\lib\\helpers\\promiseOrCallback.js:31:10)\n    at Mongoose._promiseOrCallback (D:\\Gymnaziem\\Server\\node_modules\\mongoose\\lib\\index.js:1149:10)\n    at Mongoose.connect (D:\\Gymnaziem\\Server\\node_modules\\mongoose\\lib\\index.js:350:20)\n    at Database.<anonymous> (D:\\Gymnaziem\\Server\\src\\config\\database.ts:20:22)\n    at Generator.next (<anonymous>)\n    at D:\\Gymnaziem\\Server\\src\\config\\database.ts:8:71\n    at new Promise (<anonymous>)\n    at __awaiter (D:\\Gymnaziem\\Server\\src\\config\\database.ts:4:12)\n    at Database.initializeDatabase (D:\\Gymnaziem\\Server\\src\\config\\database.ts:18:57)\n    at App.initializeDatabase (D:\\Gymnaziem\\Server\\src\\index.ts:48:13)\n    at new App (D:\\Gymnaziem\\Server\\src\\index.ts:34:10)\n    at Object.<anonymous> (D:\\Gymnaziem\\Server\\src\\index.ts:74:13)","timestamp":"2024-01-31T15:12:30.351Z"}
info: Server started at undefined:undefined/api/undefined/ {"timestamp":"2024-01-31T15:13:11.620Z"}
error: Could not connect to the database. The `uri` parameter to `openUri()` must be a string, got "undefined". Make sure the first parameter to `mongoose.connect()` or `mongoose.createConnection()` is a string. {"stack":"MongooseError: The `uri` parameter to `openUri()` must be a string, got \"undefined\". Make sure the first parameter to `mongoose.connect()` or `mongoose.createConnection()` is a string.\n    at NativeConnection.Connection.openUri (D:\\Gymnaziem\\Server\\node_modules\\mongoose\\lib\\connection.js:694:11)\n    at D:\\Gymnaziem\\Server\\node_modules\\mongoose\\lib\\index.js:351:10\n    at D:\\Gymnaziem\\Server\\node_modules\\mongoose\\lib\\helpers\\promiseOrCallback.js:32:5\n    at new Promise (<anonymous>)\n    at promiseOrCallback (D:\\Gymnaziem\\Server\\node_modules\\mongoose\\lib\\helpers\\promiseOrCallback.js:31:10)\n    at Mongoose._promiseOrCallback (D:\\Gymnaziem\\Server\\node_modules\\mongoose\\lib\\index.js:1149:10)\n    at Mongoose.connect (D:\\Gymnaziem\\Server\\node_modules\\mongoose\\lib\\index.js:350:20)\n    at Database.<anonymous> (D:\\Gymnaziem\\Server\\src\\config\\database.ts:20:22)\n    at Generator.next (<anonymous>)\n    at D:\\Gymnaziem\\Server\\src\\config\\database.ts:8:71\n    at new Promise (<anonymous>)\n    at __awaiter (D:\\Gymnaziem\\Server\\src\\config\\database.ts:4:12)\n    at Database.initializeDatabase (D:\\Gymnaziem\\Server\\src\\config\\database.ts:18:57)\n    at App.initializeDatabase (D:\\Gymnaziem\\Server\\src\\index.ts:48:13)\n    at new App (D:\\Gymnaziem\\Server\\src\\index.ts:34:10)\n    at Object.<anonymous> (D:\\Gymnaziem\\Server\\src\\index.ts:74:13)","timestamp":"2024-01-31T15:13:11.627Z"}
info: Server started at undefined:undefined/api/undefined/ {"timestamp":"2024-01-31T15:13:49.030Z"}
error: Could not connect to the database. The `uri` parameter to `openUri()` must be a string, got "undefined". Make sure the first parameter to `mongoose.connect()` or `mongoose.createConnection()` is a string. {"stack":"MongooseError: The `uri` parameter to `openUri()` must be a string, got \"undefined\". Make sure the first parameter to `mongoose.connect()` or `mongoose.createConnection()` is a string.\n    at NativeConnection.Connection.openUri (D:\\Gymnaziem\\Server\\node_modules\\mongoose\\lib\\connection.js:694:11)\n    at D:\\Gymnaziem\\Server\\node_modules\\mongoose\\lib\\index.js:351:10\n    at D:\\Gymnaziem\\Server\\node_modules\\mongoose\\lib\\helpers\\promiseOrCallback.js:32:5\n    at new Promise (<anonymous>)\n    at promiseOrCallback (D:\\Gymnaziem\\Server\\node_modules\\mongoose\\lib\\helpers\\promiseOrCallback.js:31:10)\n    at Mongoose._promiseOrCallback (D:\\Gymnaziem\\Server\\node_modules\\mongoose\\lib\\index.js:1149:10)\n    at Mongoose.connect (D:\\Gymnaziem\\Server\\node_modules\\mongoose\\lib\\index.js:350:20)\n    at Database.<anonymous> (D:\\Gymnaziem\\Server\\src\\config\\database.ts:20:22)\n    at Generator.next (<anonymous>)\n    at D:\\Gymnaziem\\Server\\src\\config\\database.ts:8:71\n    at new Promise (<anonymous>)\n    at __awaiter (D:\\Gymnaziem\\Server\\src\\config\\database.ts:4:12)\n    at Database.initializeDatabase (D:\\Gymnaziem\\Server\\src\\config\\database.ts:18:57)\n    at App.initializeDatabase (D:\\Gymnaziem\\Server\\src\\index.ts:48:13)\n    at new App (D:\\Gymnaziem\\Server\\src\\index.ts:34:10)\n    at Object.<anonymous> (D:\\Gymnaziem\\Server\\src\\index.ts:74:13)","timestamp":"2024-01-31T15:13:49.036Z"}
info: Server started at undefined:undefined/api/undefined/ {"timestamp":"2024-01-31T15:21:11.820Z"}
info: Connected to the database. {"timestamp":"2024-01-31T15:21:11.863Z"}
info: Server started at undefined:undefined/api/undefined/ {"timestamp":"2024-01-31T15:22:06.653Z"}
error: Could not connect to the database. The `uri` parameter to `openUri()` must be a string, got "undefined". Make sure the first parameter to `mongoose.connect()` or `mongoose.createConnection()` is a string. {"stack":"MongooseError: The `uri` parameter to `openUri()` must be a string, got \"undefined\". Make sure the first parameter to `mongoose.connect()` or `mongoose.createConnection()` is a string.\n    at NativeConnection.Connection.openUri (D:\\Gymnaziem\\Server\\node_modules\\mongoose\\lib\\connection.js:694:11)\n    at D:\\Gymnaziem\\Server\\node_modules\\mongoose\\lib\\index.js:351:10\n    at D:\\Gymnaziem\\Server\\node_modules\\mongoose\\lib\\helpers\\promiseOrCallback.js:32:5\n    at new Promise (<anonymous>)\n    at promiseOrCallback (D:\\Gymnaziem\\Server\\node_modules\\mongoose\\lib\\helpers\\promiseOrCallback.js:31:10)\n    at Mongoose._promiseOrCallback (D:\\Gymnaziem\\Server\\node_modules\\mongoose\\lib\\index.js:1149:10)\n    at Mongoose.connect (D:\\Gymnaziem\\Server\\node_modules\\mongoose\\lib\\index.js:350:20)\n    at Database.<anonymous> (D:\\Gymnaziem\\Server\\src\\config\\database.ts:20:22)\n    at Generator.next (<anonymous>)\n    at D:\\Gymnaziem\\Server\\src\\config\\database.ts:8:71\n    at new Promise (<anonymous>)\n    at __awaiter (D:\\Gymnaziem\\Server\\src\\config\\database.ts:4:12)\n    at Database.initializeDatabase (D:\\Gymnaziem\\Server\\src\\config\\database.ts:18:57)\n    at App.initializeDatabase (D:\\Gymnaziem\\Server\\src\\index.ts:48:13)\n    at new App (D:\\Gymnaziem\\Server\\src\\index.ts:34:10)\n    at Object.<anonymous> (D:\\Gymnaziem\\Server\\src\\index.ts:74:13)","timestamp":"2024-01-31T15:22:06.660Z"}
info: Server started at undefined:undefined/api/undefined/ {"timestamp":"2024-01-31T15:22:32.959Z"}
error: Could not connect to the database. The `uri` parameter to `openUri()` must be a string, got "undefined". Make sure the first parameter to `mongoose.connect()` or `mongoose.createConnection()` is a string. {"stack":"MongooseError: The `uri` parameter to `openUri()` must be a string, got \"undefined\". Make sure the first parameter to `mongoose.connect()` or `mongoose.createConnection()` is a string.\n    at NativeConnection.Connection.openUri (D:\\Gymnaziem\\Server\\node_modules\\mongoose\\lib\\connection.js:694:11)\n    at D:\\Gymnaziem\\Server\\node_modules\\mongoose\\lib\\index.js:351:10\n    at D:\\Gymnaziem\\Server\\node_modules\\mongoose\\lib\\helpers\\promiseOrCallback.js:32:5\n    at new Promise (<anonymous>)\n    at promiseOrCallback (D:\\Gymnaziem\\Server\\node_modules\\mongoose\\lib\\helpers\\promiseOrCallback.js:31:10)\n    at Mongoose._promiseOrCallback (D:\\Gymnaziem\\Server\\node_modules\\mongoose\\lib\\index.js:1149:10)\n    at Mongoose.connect (D:\\Gymnaziem\\Server\\node_modules\\mongoose\\lib\\index.js:350:20)\n    at Database.<anonymous> (D:\\Gymnaziem\\Server\\src\\config\\database.ts:18:22)\n    at Generator.next (<anonymous>)\n    at D:\\Gymnaziem\\Server\\src\\config\\database.ts:8:71\n    at new Promise (<anonymous>)\n    at __awaiter (D:\\Gymnaziem\\Server\\src\\config\\database.ts:4:12)\n    at Database.initializeDatabase (D:\\Gymnaziem\\Server\\src\\config\\database.ts:16:57)\n    at App.initializeDatabase (D:\\Gymnaziem\\Server\\src\\index.ts:48:13)\n    at new App (D:\\Gymnaziem\\Server\\src\\index.ts:34:10)\n    at Object.<anonymous> (D:\\Gymnaziem\\Server\\src\\index.ts:74:13)","timestamp":"2024-01-31T15:22:32.967Z"}
info: Server started at undefined:undefined/api/undefined/ {"timestamp":"2024-01-31T15:23:05.293Z"}
error: Could not connect to the database. The `uri` parameter to `openUri()` must be a string, got "undefined". Make sure the first parameter to `mongoose.connect()` or `mongoose.createConnection()` is a string. {"stack":"MongooseError: The `uri` parameter to `openUri()` must be a string, got \"undefined\". Make sure the first parameter to `mongoose.connect()` or `mongoose.createConnection()` is a string.\n    at NativeConnection.Connection.openUri (D:\\Gymnaziem\\Server\\node_modules\\mongoose\\lib\\connection.js:694:11)\n    at D:\\Gymnaziem\\Server\\node_modules\\mongoose\\lib\\index.js:351:10\n    at D:\\Gymnaziem\\Server\\node_modules\\mongoose\\lib\\helpers\\promiseOrCallback.js:32:5\n    at new Promise (<anonymous>)\n    at promiseOrCallback (D:\\Gymnaziem\\Server\\node_modules\\mongoose\\lib\\helpers\\promiseOrCallback.js:31:10)\n    at Mongoose._promiseOrCallback (D:\\Gymnaziem\\Server\\node_modules\\mongoose\\lib\\index.js:1149:10)\n    at Mongoose.connect (D:\\Gymnaziem\\Server\\node_modules\\mongoose\\lib\\index.js:350:20)\n    at Database.<anonymous> (D:\\Gymnaziem\\Server\\src\\config\\database.ts:18:22)\n    at Generator.next (<anonymous>)\n    at D:\\Gymnaziem\\Server\\src\\config\\database.ts:8:71\n    at new Promise (<anonymous>)\n    at __awaiter (D:\\Gymnaziem\\Server\\src\\config\\database.ts:4:12)\n    at Database.initializeDatabase (D:\\Gymnaziem\\Server\\src\\config\\database.ts:16:57)\n    at App.initializeDatabase (D:\\Gymnaziem\\Server\\src\\index.ts:48:13)\n    at new App (D:\\Gymnaziem\\Server\\src\\index.ts:34:10)\n    at Object.<anonymous> (D:\\Gymnaziem\\Server\\src\\index.ts:74:13)","timestamp":"2024-01-31T15:23:05.306Z"}
info: Server started at undefined:undefined/api/undefined/ {"timestamp":"2024-01-31T15:23:40.680Z"}
error: Could not connect to the database. The `uri` parameter to `openUri()` must be a string, got "undefined". Make sure the first parameter to `mongoose.connect()` or `mongoose.createConnection()` is a string. {"stack":"MongooseError: The `uri` parameter to `openUri()` must be a string, got \"undefined\". Make sure the first parameter to `mongoose.connect()` or `mongoose.createConnection()` is a string.\n    at NativeConnection.Connection.openUri (D:\\Gymnaziem\\Server\\node_modules\\mongoose\\lib\\connection.js:694:11)\n    at D:\\Gymnaziem\\Server\\node_modules\\mongoose\\lib\\index.js:351:10\n    at D:\\Gymnaziem\\Server\\node_modules\\mongoose\\lib\\helpers\\promiseOrCallback.js:32:5\n    at new Promise (<anonymous>)\n    at promiseOrCallback (D:\\Gymnaziem\\Server\\node_modules\\mongoose\\lib\\helpers\\promiseOrCallback.js:31:10)\n    at Mongoose._promiseOrCallback (D:\\Gymnaziem\\Server\\node_modules\\mongoose\\lib\\index.js:1149:10)\n    at Mongoose.connect (D:\\Gymnaziem\\Server\\node_modules\\mongoose\\lib\\index.js:350:20)\n    at Database.<anonymous> (D:\\Gymnaziem\\Server\\src\\config\\database.ts:18:22)\n    at Generator.next (<anonymous>)\n    at D:\\Gymnaziem\\Server\\src\\config\\database.ts:8:71\n    at new Promise (<anonymous>)\n    at __awaiter (D:\\Gymnaziem\\Server\\src\\config\\database.ts:4:12)\n    at Database.initializeDatabase (D:\\Gymnaziem\\Server\\src\\config\\database.ts:16:57)\n    at App.initializeDatabase (D:\\Gymnaziem\\Server\\src\\index.ts:48:13)\n    at new App (D:\\Gymnaziem\\Server\\src\\index.ts:34:10)\n    at Object.<anonymous> (D:\\Gymnaziem\\Server\\src\\index.ts:74:13)","timestamp":"2024-01-31T15:23:40.687Z"}
info: Server started at undefined:undefined/api/undefined/ {"timestamp":"2024-01-31T15:24:51.241Z"}
error: Could not connect to the database. The `uri` parameter to `openUri()` must be a string, got "undefined". Make sure the first parameter to `mongoose.connect()` or `mongoose.createConnection()` is a string. {"stack":"MongooseError: The `uri` parameter to `openUri()` must be a string, got \"undefined\". Make sure the first parameter to `mongoose.connect()` or `mongoose.createConnection()` is a string.\n    at NativeConnection.Connection.openUri (D:\\Gymnaziem\\Server\\node_modules\\mongoose\\lib\\connection.js:694:11)\n    at D:\\Gymnaziem\\Server\\node_modules\\mongoose\\lib\\index.js:351:10\n    at D:\\Gymnaziem\\Server\\node_modules\\mongoose\\lib\\helpers\\promiseOrCallback.js:32:5\n    at new Promise (<anonymous>)\n    at promiseOrCallback (D:\\Gymnaziem\\Server\\node_modules\\mongoose\\lib\\helpers\\promiseOrCallback.js:31:10)\n    at Mongoose._promiseOrCallback (D:\\Gymnaziem\\Server\\node_modules\\mongoose\\lib\\index.js:1149:10)\n    at Mongoose.connect (D:\\Gymnaziem\\Server\\node_modules\\mongoose\\lib\\index.js:350:20)\n    at Database.<anonymous> (D:\\Gymnaziem\\Server\\src\\config\\database.ts:20:22)\n    at Generator.next (<anonymous>)\n    at D:\\Gymnaziem\\Server\\src\\config\\database.ts:8:71\n    at new Promise (<anonymous>)\n    at __awaiter (D:\\Gymnaziem\\Server\\src\\config\\database.ts:4:12)\n    at Database.initializeDatabase (D:\\Gymnaziem\\Server\\src\\config\\database.ts:18:57)\n    at App.initializeDatabase (D:\\Gymnaziem\\Server\\src\\index.ts:48:13)\n    at new App (D:\\Gymnaziem\\Server\\src\\index.ts:34:10)\n    at Object.<anonymous> (D:\\Gymnaziem\\Server\\src\\index.ts:74:13)","timestamp":"2024-01-31T15:24:51.252Z"}
info: Server started at undefined:undefined/api/undefined/ {"timestamp":"2024-01-31T15:26:10.096Z"}
error: Could not connect to the database. The `uri` parameter to `openUri()` must be a string, got "undefined". Make sure the first parameter to `mongoose.connect()` or `mongoose.createConnection()` is a string. {"stack":"MongooseError: The `uri` parameter to `openUri()` must be a string, got \"undefined\". Make sure the first parameter to `mongoose.connect()` or `mongoose.createConnection()` is a string.\n    at NativeConnection.Connection.openUri (D:\\Gymnaziem\\Server\\node_modules\\mongoose\\lib\\connection.js:694:11)\n    at D:\\Gymnaziem\\Server\\node_modules\\mongoose\\lib\\index.js:351:10\n    at D:\\Gymnaziem\\Server\\node_modules\\mongoose\\lib\\helpers\\promiseOrCallback.js:32:5\n    at new Promise (<anonymous>)\n    at promiseOrCallback (D:\\Gymnaziem\\Server\\node_modules\\mongoose\\lib\\helpers\\promiseOrCallback.js:31:10)\n    at Mongoose._promiseOrCallback (D:\\Gymnaziem\\Server\\node_modules\\mongoose\\lib\\index.js:1149:10)\n    at Mongoose.connect (D:\\Gymnaziem\\Server\\node_modules\\mongoose\\lib\\index.js:350:20)\n    at Database.<anonymous> (D:\\Gymnaziem\\Server\\src\\config\\database.ts:20:22)\n    at Generator.next (<anonymous>)\n    at D:\\Gymnaziem\\Server\\src\\config\\database.ts:8:71\n    at new Promise (<anonymous>)\n    at __awaiter (D:\\Gymnaziem\\Server\\src\\config\\database.ts:4:12)\n    at Database.initializeDatabase (D:\\Gymnaziem\\Server\\src\\config\\database.ts:18:57)\n    at App.initializeDatabase (D:\\Gymnaziem\\Server\\src\\index.ts:48:13)\n    at new App (D:\\Gymnaziem\\Server\\src\\index.ts:34:10)\n    at Object.<anonymous> (D:\\Gymnaziem\\Server\\src\\index.ts:74:13)","timestamp":"2024-01-31T15:26:10.103Z"}
info: Server started at http://localhost:3000/api/v1/ {"timestamp":"2024-01-31T15:26:28.599Z"}
info: Connected to the database. {"timestamp":"2024-01-31T15:26:28.632Z"}
info: Server started at http://localhost:3000/api/v1/ {"timestamp":"2024-01-31T15:32:31.272Z"}
info: Connected to the database. {"timestamp":"2024-01-31T15:32:31.306Z"}
info: Server started at http://localhost:3000/api/v1/ {"timestamp":"2024-01-31T15:34:17.883Z"}
info: Connected to the database. {"timestamp":"2024-01-31T15:34:17.903Z"}
info: Server started at http://localhost:3000/api/v1/ {"timestamp":"2024-01-31T15:34:38.941Z"}
info: Connected to the database. {"timestamp":"2024-01-31T15:34:38.970Z"}
info: Server started at http://localhost:3000/api/v1/ {"timestamp":"2024-01-31T15:34:48.266Z"}
info: Connected to the database. {"timestamp":"2024-01-31T15:34:48.342Z"}
info: Server started at http://localhost:3000/api/v1/ {"timestamp":"2024-01-31T15:37:10.450Z"}
info: Connected to the database. {"timestamp":"2024-01-31T15:37:10.489Z"}
info: Server started at http://localhost:3000/api/v1/ {"timestamp":"2024-01-31T15:39:44.731Z"}
info: Connected to the database. {"timestamp":"2024-01-31T15:39:44.758Z"}
info: Server started at http://localhost:3000/api/v1/ {"timestamp":"2024-01-31T15:39:57.089Z"}
info: Connected to the database. {"timestamp":"2024-01-31T15:39:57.109Z"}
info: Server started at http://localhost:3000/api/v1/ {"timestamp":"2024-01-31T15:41:20.870Z"}
info: Connected to the database. {"timestamp":"2024-01-31T15:41:20.901Z"}
info: Server started at http://localhost:3000/api/v1/ {"timestamp":"2024-01-31T15:41:31.922Z"}
info: Connected to the database. {"timestamp":"2024-01-31T15:41:31.953Z"}
info: Server started at http://localhost:3000/api/v1/ {"timestamp":"2024-01-31T15:41:51.015Z"}
info: Connected to the database. {"timestamp":"2024-01-31T15:41:51.038Z"}
info: Server started at http://localhost:3000/api/v1/ {"timestamp":"2024-01-31T15:43:05.027Z"}
info: Connected to the database. {"timestamp":"2024-01-31T15:43:05.074Z"}
info: Server started at http://localhost:3000/api/v1/ {"timestamp":"2024-01-31T15:45:26.189Z"}
info: Connected to the database. {"timestamp":"2024-01-31T15:45:26.220Z"}
info: Server started at http://localhost:3000/api/v1/ {"timestamp":"2024-01-31T15:50:17.681Z"}
info: Connected to the database. {"timestamp":"2024-01-31T15:50:17.711Z"}
info: Server started at http://localhost:3000/api/v1/ {"timestamp":"2024-01-31T15:50:41.627Z"}
info: Connected to the database. {"timestamp":"2024-01-31T15:50:41.658Z"}
info: Server started at http://localhost:3000/api/v1/ {"timestamp":"2024-01-31T15:52:26.741Z"}
info: Connected to the database. {"timestamp":"2024-01-31T15:52:26.768Z"}
info: Server started at http://localhost:3000/api/v1/ {"timestamp":"2024-01-31T15:52:46.009Z"}
info: Connected to the database. {"timestamp":"2024-01-31T15:52:46.032Z"}
info: Server started at http://localhost:3000/api/v1/ {"timestamp":"2024-01-31T15:54:43.866Z"}
info: Connected to the database. {"timestamp":"2024-01-31T15:54:43.892Z"}
info: Server started at http://localhost:3000/api/v1/ {"timestamp":"2024-01-31T15:55:06.238Z"}
info: Connected to the database. {"timestamp":"2024-01-31T15:55:06.264Z"}
info: Server started at http://localhost:3000/api/v1/ {"timestamp":"2024-01-31T15:56:15.338Z"}
info: Connected to the database. {"timestamp":"2024-01-31T15:56:15.377Z"}
info: Server started at http://localhost:3000/api/v1/ {"timestamp":"2024-01-31T15:56:26.016Z"}
info: Connected to the database. {"timestamp":"2024-01-31T15:56:26.040Z"}
info: Server started at http://localhost:3000/api/v1/ {"timestamp":"2024-01-31T17:04:45.462Z"}
info: Connected to the database. {"timestamp":"2024-01-31T17:04:45.502Z"}
error: 
    status - 500 
    message - SyntaxError: Expected double-quoted property name in JSON at position 65
    at JSON.parse (<anonymous>)
    at parse (D:\Gymnaziem\Server\node_modules\body-parser\lib\types\json.js:89:19)
    at D:\Gymnaziem\Server\node_modules\body-parser\lib\read.js:128:18
    at AsyncResource.runInAsyncScope (node:async_hooks:206:9)
    at invokeCallback (D:\Gymnaziem\Server\node_modules\raw-body\index.js:231:16)
    at done (D:\Gymnaziem\Server\node_modules\raw-body\index.js:220:7)
    at IncomingMessage.onEnd (D:\Gymnaziem\Server\node_modules\raw-body\index.js:280:7)
    at IncomingMessage.emit (node:events:518:28)
    at IncomingMessage.emit (node:domain:488:12)
    at endReadableNT (node:internal/streams/readable:1696:12)
    at processTicksAndRejections (node:internal/process/task_queues:82:21) 
    url - /api/v1/events 
    method - PUT 
    IP - ::1
   {"timestamp":"2024-01-31T17:08:26.715Z"}
info: Server started at http://localhost:3000/api/v1/ {"timestamp":"2024-01-31T17:11:37.816Z"}
info: Connected to the database. {"timestamp":"2024-01-31T17:11:37.893Z"}
info: Server started at http://localhost:3000/api/v1/ {"timestamp":"2024-01-31T17:11:55.510Z"}
info: Connected to the database. {"timestamp":"2024-01-31T17:11:55.540Z"}
info: Server started at http://localhost:3000/api/v1/ {"timestamp":"2024-01-31T17:14:31.160Z"}
info: Connected to the database. {"timestamp":"2024-01-31T17:14:31.193Z"}
error: 
    status - 500 
    message - SyntaxError: Expected double-quoted property name in JSON at position 124
    at JSON.parse (<anonymous>)
    at parse (D:\Gymnaziem\Server\node_modules\body-parser\lib\types\json.js:89:19)
    at D:\Gymnaziem\Server\node_modules\body-parser\lib\read.js:128:18
    at AsyncResource.runInAsyncScope (node:async_hooks:206:9)
    at invokeCallback (D:\Gymnaziem\Server\node_modules\raw-body\index.js:231:16)
    at done (D:\Gymnaziem\Server\node_modules\raw-body\index.js:220:7)
    at IncomingMessage.onEnd (D:\Gymnaziem\Server\node_modules\raw-body\index.js:280:7)
    at IncomingMessage.emit (node:events:518:28)
    at IncomingMessage.emit (node:domain:488:12)
    at endReadableNT (node:internal/streams/readable:1696:12)
    at processTicksAndRejections (node:internal/process/task_queues:82:21) 
    url - /api/v1/events 
    method - POST 
    IP - ::1
   {"timestamp":"2024-01-31T17:15:42.913Z"}
info: Server started at http://localhost:3000/api/v1/ {"timestamp":"2024-01-31T17:16:47.829Z"}
info: Connected to the database. {"timestamp":"2024-01-31T17:16:47.864Z"}
info: Server started at http://localhost:3000/api/v1/ {"timestamp":"2024-01-31T18:13:50.324Z"}
info: Connected to the database. {"timestamp":"2024-01-31T18:13:50.358Z"}
info: Server started at http://localhost:3000/api/v1/ {"timestamp":"2024-01-31T18:14:20.882Z"}
info: Connected to the database. {"timestamp":"2024-01-31T18:14:20.910Z"}
info: Server started at http://localhost:3000/api/v1/ {"timestamp":"2024-01-31T18:15:37.223Z"}
info: Connected to the database. {"timestamp":"2024-01-31T18:15:37.247Z"}
info: Server started at http://localhost:3000/api/v1/ {"timestamp":"2024-01-31T18:17:18.874Z"}
info: Connected to the database. {"timestamp":"2024-01-31T18:17:18.918Z"}
info: Server started at http://localhost:3000/api/v1/ {"timestamp":"2024-01-31T18:18:13.736Z"}
info: Connected to the database. {"timestamp":"2024-01-31T18:18:13.766Z"}
